travis_fold:start:worker_info[0K[33;1mWorker information[0m
hostname: b3247dc0-3552-4995-851f-0648f3448d97@1.worker-com-668464d7c8-7n9pz.gce-production-2
version: v6.2.17 https://github.com/travis-ci/worker/tree/bc420764f334fe0d096a417c80426f672f1b7d18
instance: travis-job-dd989a05-5108-4a64-88c6-2d7796351482 travis-ci-ubuntu-1804-1582576938-a9b1ae58 (via amqp)
startup: 6.167287621s
travis_fold:end:worker_info[0Ktravis_time:start:10ed1d6c[0Ktravis_time:end:10ed1d6c:start=1593878189851631162,finish=1593878190027309388,duration=175678226,event=no_world_writable_dirs[0Ktravis_time:start:0f4a351c[0Ktravis_time:end:0f4a351c:start=1593878190030146502,finish=1593878190037242540,duration=7096038,event=setup_filter[0Ktravis_time:start:0da7668f[0Ktravis_time:end:0da7668f:start=1593878190040646284,finish=1593878190048467153,duration=7820869,event=agent[0Ktravis_time:start:23667f6f[0Ktravis_time:end:23667f6f:start=1593878190050695453,finish=1593878190056027760,duration=5332307,event=check_unsupported[0Ktravis_time:start:0e56af19[0Ktravis_fold:start:system_info[0K[33;1mBuild system information[0m
Build language: cpp
Build dist: bionic
Build id: 174292483
Job id: 357566149
Runtime kernel version: 5.0.0-1031-gcp
travis-build version: 53c9fddd
[34m[1mBuild image provisioning date and time[0m
Mon Feb 24 21:21:37 UTC 2020
[34m[1mOperating System Details[0m
Distributor ID:	Ubuntu
Description:	Ubuntu 18.04.4 LTS
Release:	18.04
Codename:	bionic
[34m[1mSystemd Version[0m
systemd 237
[34m[1mCookbooks Version[0m
b5e4fc1 https://github.com/travis-ci/travis-cookbooks/tree/b5e4fc1
[34m[1mgit version[0m
git version 2.25.1
[34m[1mbash version[0m
GNU bash, version 4.4.20(1)-release (x86_64-pc-linux-gnu)
[34m[1mgcc version[0m
gcc (Ubuntu 7.4.0-1ubuntu1~18.04.1) 7.4.0
[34m[1mdocker version[0m
Client:
 Version:           18.06.0-ce
 API version:       1.38
 Go version:        go1.10.3
 Git commit:        0ffa825
 Built:             Wed Jul 18 19:09:54 2018
 OS/Arch:           linux/amd64
 Experimental:      false

Server:
 Engine:
  Version:          18.06.0-ce
  API version:      1.38 (minimum version 1.12)
  Go version:       go1.10.3
  Git commit:       0ffa825
  Built:            Wed Jul 18 19:07:56 2018
  OS/Arch:          linux/amd64
  Experimental:     false
[34m[1mclang version[0m
clang version 7.0.0 (tags/RELEASE_700/final)
[34m[1mjq version[0m
jq-1.5
[34m[1mbats version[0m
Bats 0.4.0
[34m[1mshellcheck version[0m
0.7.0
[34m[1mshfmt version[0m
v2.6.3
[34m[1mccache version[0m
3.4.1
[34m[1mcmake version[0m
cmake version 3.12.4
[34m[1mheroku version[0m
heroku/7.38.2 linux-x64 node-v12.13.0
[34m[1mimagemagick version[0m
Version: ImageMagick 6.9.7-4 Q16 x86_64 20170114 http://www.imagemagick.org
[34m[1mmd5deep version[0m
4.4
[34m[1mmercurial version[0m
version 4.8
[34m[1mmysql version[0m
mysql  Ver 14.14 Distrib 5.7.29, for Linux (x86_64) using  EditLine wrapper
[34m[1mopenssl version[0m
OpenSSL 1.1.1  11 Sep 2018
[34m[1mpacker version[0m
1.3.3
[34m[1mpostgresql client version[0m
psql (PostgreSQL) 11.7 (Ubuntu 11.7-2.pgdg18.04+1)
[34m[1mragel version[0m
Ragel State Machine Compiler version 6.10 March 2017
[34m[1msudo version[0m
1.8.21p2
[34m[1mgzip version[0m
gzip 1.6
[34m[1mzip version[0m
Zip 3.0
[34m[1mvim version[0m
VIM - Vi IMproved 8.0 (2016 Sep 12, compiled Jun 06 2019 17:31:41)
[34m[1miptables version[0m
iptables v1.6.1
[34m[1mcurl version[0m
curl 7.58.0 (x86_64-pc-linux-gnu) libcurl/7.58.0 OpenSSL/1.1.1 zlib/1.2.11 libidn2/2.0.4 libpsl/0.19.1 (+libidn2/2.0.4) nghttp2/1.30.0 librtmp/2.3
[34m[1mwget version[0m
GNU Wget 1.19.4 built on linux-gnu.
[34m[1mrsync version[0m
rsync  version 3.1.2  protocol version 31
[34m[1mgimme version[0m
v1.5.3
[34m[1mnvm version[0m
0.35.2
[34m[1mperlbrew version[0m
/home/travis/perl5/perlbrew/bin/perlbrew  - App::perlbrew/0.87
[34m[1mphpenv version[0m
rbenv 1.1.2-26-gc6324ff
[34m[1mrvm version[0m
rvm 1.29.9 (latest) by Michal Papis, Piotr Kuczynski, Wayne E. Seguin [https://rvm.io]
[34m[1mdefault ruby version[0m
ruby 2.6.5p114 (2019-10-01 revision 67812) [x86_64-linux]
[34m[1mElasticSearch version[0m
5.5.0
[34m[1mInstalled Firefox version[0m
firefox 63.0.1
[34m[1mMongoDB version[0m
MongoDB 4.0.16
[34m[1mPhantomJS version[0m
2.1.1
[34m[1mPre-installed PostgreSQL versions[0m
9.3.25
9.4.26
9.5.21
9.6.17
[34m[1mRedis version[0m
redis-server 5.0.7
[34m[1mPre-installed Go versions[0m
1.11.1
[34m[1mant version[0m
Apache Ant(TM) version 1.10.5 compiled on March 28 2019
[34m[1mmvn version[0m
Apache Maven 3.6.3 (cecedd343002696d0abb50b32b541b8a6ba2883f)
[34m[1mgradle version[0m
Gradle 5.1.1!
[34m[1mlein version[0m
Leiningen 2.9.1 on Java 11.0.2 OpenJDK 64-Bit Server VM
[34m[1mPre-installed Node.js versions[0m
v10.16.0
v10.19.0
v11.15.0
v12.13.1
v12.16.1
v13.3.0
v4.9.1
v6.17.1
v8.16.2
v8.17.0
v8.9
[34m[1mphpenv versions[0m
  system
  7.1
  7.1.33
  7.2
* 7.2.27 (set by /home/travis/.phpenv/version)
  7.3
  7.3.14
  7.4
  7.4.2
  hhvm
  hhvm-stable
[34m[1mcomposer --version[0m
Composer version 1.9.2 2020-01-14 16:30:31
[34m[1mPre-installed Ruby versions[0m
ruby-2.4.9
ruby-2.5.3
ruby-2.5.7
ruby-2.6.5
ruby-2.7.0
travis_fold:end:system_info[0K
travis_time:end:0e56af19:start=1593878190060614615,finish=1593878190065880836,duration=5266221,event=show_system_info[0Ktravis_time:start:0845df66[0Ktravis_time:end:0845df66:start=1593878190069066373,finish=1593878190086627707,duration=17561334,event=rm_riak_source[0Ktravis_time:start:01c6d6be[0Ktravis_time:end:01c6d6be:start=1593878190089041766,finish=1593878190093448928,duration=4407162,event=fix_rwky_redis[0Ktravis_time:start:00cf8efc[0Ktravis_time:end:00cf8efc:start=1593878190096841730,finish=1593878190711180872,duration=614339142,event=wait_for_network[0Ktravis_time:start:0a555052[0Ktravis_time:end:0a555052:start=1593878190718266352,finish=1593878191134184311,duration=415917959,event=update_apt_keys[0Ktravis_time:start:27f6fd4a[0Ktravis_time:end:27f6fd4a:start=1593878191138342605,finish=1593878191218990213,duration=80647608,event=fix_hhvm_source[0Ktravis_time:start:1ea00940[0Ktravis_time:end:1ea00940:start=1593878191227580162,finish=1593878191230356463,duration=2776301,event=update_mongo_arch[0Ktravis_time:start:03dfc580[0Ktravis_time:end:03dfc580:start=1593878191235426001,finish=1593878191291845050,duration=56419049,event=fix_sudo_enabled_trusty[0Ktravis_time:start:0acf925a[0Ktravis_time:end:0acf925a:start=1593878191295031282,finish=1593878191297425135,duration=2393853,event=update_glibc[0Ktravis_time:start:1d7b62b0[0Ktravis_time:end:1d7b62b0:start=1593878191300810185,finish=1593878191310139545,duration=9329360,event=clean_up_path[0Ktravis_time:start:2270d6f3[0Ktravis_time:end:2270d6f3:start=1593878191313159557,finish=1593878191323624259,duration=10464702,event=fix_resolv_conf[0Ktravis_time:start:1c6b4268[0Ktravis_time:end:1c6b4268:start=1593878191327060820,finish=1593878191343932740,duration=16871920,event=fix_etc_hosts[0Ktravis_time:start:1b0fd43a[0Ktravis_time:end:1b0fd43a:start=1593878191347894494,finish=1593878191357107040,duration=9212546,event=fix_mvn_settings_xml[0Ktravis_time:start:03b70e6a[0Ktravis_time:end:03b70e6a:start=1593878191361694838,finish=1593878191376236598,duration=14541760,event=no_ipv6_localhost[0Ktravis_time:start:3229a8f1[0Ktravis_time:end:3229a8f1:start=1593878191381194655,finish=1593878191383687293,duration=2492638,event=fix_etc_mavenrc[0Ktravis_time:start:02f03a00[0Ktravis_time:end:02f03a00:start=1593878191387611115,finish=1593878191390940481,duration=3329366,event=fix_wwdr_certificate[0Ktravis_time:start:0b4fcc73[0Ktravis_time:end:0b4fcc73:start=1593878191394996163,finish=1593878191454040177,duration=59044014,event=put_localhost_first[0Ktravis_time:start:02686002[0Ktravis_time:end:02686002:start=1593878191458125230,finish=1593878191461405309,duration=3280079,event=home_paths[0Ktravis_time:start:01b6eaf7[0Ktravis_time:end:01b6eaf7:start=1593878191470128382,finish=1593878191488409288,duration=18280906,event=disable_initramfs[0Ktravis_time:start:01597542[0Ktravis_time:end:01597542:start=1593878191502362177,finish=1593878191722117476,duration=219755299,event=disable_ssh_roaming[0Ktravis_time:start:07b7171b[0Ktravis_time:end:07b7171b:start=1593878191729483374,finish=1593878191733310590,duration=3827216,event=debug_tools[0Ktravis_time:start:126c7e53[0Ktravis_time:end:126c7e53:start=1593878191736336202,finish=1593878191739825510,duration=3489308,event=uninstall_oclint[0Ktravis_time:start:06bc0052[0Ktravis_time:end:06bc0052:start=1593878191742799401,finish=1593878191746244468,duration=3445067,event=rvm_use[0Ktravis_time:start:07fc03f8[0Ktravis_time:end:07fc03f8:start=1593878191750083918,finish=1593878191758834791,duration=8750873,event=rm_etc_boto_cfg[0Ktravis_time:start:00b758f5[0Ktravis_time:end:00b758f5:start=1593878191763644619,finish=1593878191767617208,duration=3972589,event=rm_oraclejdk8_symlink[0Ktravis_time:start:008830a1[0Ktravis_time:end:008830a1:start=1593878191773194471,finish=1593878191942896727,duration=169702256,event=enable_i386[0Ktravis_time:start:3c99288c[0Ktravis_time:end:3c99288c:start=1593878191947092507,finish=1593878191950765320,duration=3672813,event=update_rubygems[0Ktravis_time:start:31182b40[0Ktravis_time:end:31182b40:start=1593878191954134450,finish=1593878192739121110,duration=784986660,event=ensure_path_components[0Ktravis_time:start:1c2665c4[0Ktravis_time:end:1c2665c4:start=1593878192743238718,finish=1593878192745258879,duration=2020161,event=redefine_curl[0Ktravis_time:start:01074b46[0Ktravis_time:end:01074b46:start=1593878192749031092,finish=1593878192855858182,duration=106827090,event=nonblock_pipe[0Ktravis_time:start:070c1580[0Ktravis_time:end:070c1580:start=1593878192860040831,finish=1593878198902869983,duration=6042829152,event=apt_get_update[0Ktravis_time:start:22514943[0Ktravis_time:end:22514943:start=1593878198906680692,finish=1593878198909132235,duration=2451543,event=deprecate_xcode_64[0Ktravis_time:start:1fe51384[0Ktravis_time:end:1fe51384:start=1593878198913546190,finish=1593878201285983166,duration=2372436976,event=update_heroku[0Ktravis_time:start:06f5d3ea[0Ktravis_time:end:06f5d3ea:start=1593878201289719603,finish=1593878201291771798,duration=2052195,event=shell_session_update[0Ktravis_time:start:01736dd8[0Ktravis_fold:start:docker_mtu[0Ktravis_fold:end:docker_mtu[0Ktravis_time:end:01736dd8:start=1593878201295094632,finish=1593878203305495855,duration=2010401223,event=set_docker_mtu[0Ktravis_time:start:1d5882d5[0Ktravis_fold:start:resolvconf[0Ktravis_fold:end:resolvconf[0Ktravis_time:end:1d5882d5:start=1593878203310538282,finish=1593878203383531921,duration=72993639,event=resolvconf[0Ktravis_time:start:04bea71e[0Ktravis_time:end:04bea71e:start=1593878203387529607,finish=1593878203530067269,duration=142537662,event=maven_central_mirror[0Ktravis_time:start:046d362e[0Ktravis_time:end:046d362e:start=1593878203533897741,finish=1593878203628808966,duration=94911225,event=maven_https[0Ktravis_fold:start:apt[0K[33;1mAdding APT Sources[0m
travis_time:start:059c7ed9[0K$ curl -sSL "https://build.travis-ci.com/files/gpg/travis-security.asc" | sudo -E apt-key add -
OK
travis_time:end:059c7ed9:start=1593878203633673839,finish=1593878204010062637,duration=376388798,event=prepare[0Ktravis_time:start:2dba124b[0K$ echo "deb http://archive.ubuntu.com/ubuntu/ focal main universe" | sudo tee -a ${TRAVIS_ROOT}/etc/apt/sources.list >/dev/null
travis_time:end:2dba124b:start=1593878204013617208,finish=1593878204023597295,duration=9980087,event=prepare[0Ktravis_time:start:235d98cc[0K$ travis_apt_get_update
travis_time:end:235d98cc:start=1593878204027494991,finish=1593878218988165712,duration=14960670721,event=prepare[0K[33;1mInstalling APT Packages[0m
travis_time:start:38490fba[0K$ sudo -E apt-get -yq --no-install-suggests --no-install-recommends $(travis_apt_get_options) install cppcheck clang-10 gcc-10 g++-10 clang-format clang-tidy clang-tools iwyu libboost-dev
Reading package lists...
Building dependency tree...
Reading state information...
The following package was automatically installed and is no longer required:
  libopts25
Use 'sudo apt autoremove' to remove it.
The following additional packages will be installed:
  binutils binutils-common binutils-x86-64-linux-gnu clang-format-10
  clang-tidy-10 clang-tools-10 cpp-10 gcc-10-base gcc-9-base lib32gcc-s1
  lib32gcc1 lib32stdc++6 libasan5 libasan6 libatomic1 libbinutils
  libboost1.71-dev libc-bin libc-dev-bin libc6 libc6-dev libc6-i386 libcc1-0
  libclang-common-10-dev libclang-cpp10 libclang1-10 libcrypt-dev libcrypt1
  libctf-nobfd0 libctf0 libffi7 libgcc-10-dev libgcc-9-dev libgcc-s1 libgomp1
  libisl22 libitm1 libllvm10 liblsan0 libobjc-9-dev libobjc4 libquadmath0
  libstdc++-10-dev libstdc++-9-dev libstdc++6 libtinfo6 libtinyxml2-6a
  libtsan0 libubsan1 locales python3-pygments
Suggested packages:
  binutils-doc clang-10-doc gcc-10-locales cppcheck-gui g++-10-multilib
  gcc-10-doc gcc-10-multilib libboost-doc libboost1.71-doc
  libboost-atomic1.71-dev libboost-chrono1.71-dev libboost-container1.71-dev
  libboost-context1.71-dev libboost-contract1.71-dev
  libboost-coroutine1.71-dev libboost-date-time1.71-dev
  libboost-exception1.71-dev libboost-fiber1.71-dev
  libboost-filesystem1.71-dev libboost-graph1.71-dev
  libboost-graph-parallel1.71-dev libboost-iostreams1.71-dev
  libboost-locale1.71-dev libboost-log1.71-dev libboost-math1.71-dev
  libboost-mpi1.71-dev libboost-mpi-python1.71-dev libboost-numpy1.71-dev
  libboost-program-options1.71-dev libboost-python1.71-dev
  libboost-random1.71-dev libboost-regex1.71-dev
  libboost-serialization1.71-dev libboost-stacktrace1.71-dev
  libboost-system1.71-dev libboost-test1.71-dev libboost-thread1.71-dev
  libboost-timer1.71-dev libboost-type-erasure1.71-dev libboost-wave1.71-dev
  libboost1.71-tools-dev libmpfrc++-dev libntl-dev glibc-doc manpages-dev
  libstdc++-10-doc libstdc++-9-doc python-pygments-doc ttf-bitstream-vera
Recommended packages:
  llvm-10-dev libomp-10-dev manpages-dev libidn2-0
The following NEW packages will be installed:
  clang-10 clang-format clang-format-10 clang-tidy clang-tidy-10 clang-tools
  clang-tools-10 cpp-10 cppcheck g++-10 gcc-10 gcc-10-base gcc-9-base iwyu
  lib32gcc-s1 lib32gcc1 lib32stdc++6 libasan5 libasan6 libboost-dev
  libboost1.71-dev libc6-i386 libclang-common-10-dev libclang-cpp10
  libclang1-10 libcrypt-dev libcrypt1 libctf-nobfd0 libctf0 libffi7
  libgcc-10-dev libgcc-9-dev libgcc-s1 libisl22 libllvm10 libobjc-9-dev
  libobjc4 libstdc++-10-dev libstdc++-9-dev libtinfo6 libtinyxml2-6a libubsan1
  python3-pygments
The following packages will be upgraded:
  binutils binutils-common binutils-x86-64-linux-gnu libatomic1 libbinutils
  libc-bin libc-dev-bin libc6 libc6-dev libcc1-0 libgomp1 libitm1 liblsan0
  libquadmath0 libstdc++6 libtsan0 locales
17 upgraded, 43 newly installed, 0 to remove and 934 not upgraded.
Need to get 122 MB of archives.
After this operation, 632 MB of additional disk space will be used.
Get:1 http://archive.ubuntu.com/ubuntu focal/main amd64 gcc-10-base amd64 10-20200411-0ubuntu1 [19.0 kB]
Get:2 http://archive.ubuntu.com/ubuntu focal/main amd64 libgcc-s1 amd64 10-20200411-0ubuntu1 [41.6 kB]
Get:3 http://archive.ubuntu.com/ubuntu focal/main amd64 libcrypt1 amd64 1:4.4.10-10ubuntu4 [78.2 kB]
Get:4 http://archive.ubuntu.com/ubuntu focal/main amd64 locales all 2.31-0ubuntu9 [3,870 kB]
Get:5 http://archive.ubuntu.com/ubuntu focal/main amd64 libc6 amd64 2.31-0ubuntu9 [2,713 kB]
Get:6 http://archive.ubuntu.com/ubuntu focal/main amd64 libc-bin amd64 2.31-0ubuntu9 [636 kB]
Get:7 http://archive.ubuntu.com/ubuntu focal/main amd64 libc-dev-bin amd64 2.31-0ubuntu9 [71.8 kB]
Get:8 http://archive.ubuntu.com/ubuntu focal/main amd64 libc6-dev amd64 2.31-0ubuntu9 [2,520 kB]
Get:9 http://archive.ubuntu.com/ubuntu focal/main amd64 libcrypt-dev amd64 1:4.4.10-10ubuntu4 [104 kB]
Get:10 http://archive.ubuntu.com/ubuntu focal/main amd64 libstdc++6 amd64 10-20200411-0ubuntu1 [503 kB]
Get:11 http://archive.ubuntu.com/ubuntu focal/main amd64 libtinfo6 amd64 6.2-0ubuntu2 [87.0 kB]
Get:12 http://archive.ubuntu.com/ubuntu focal/main amd64 libffi7 amd64 3.3-4 [19.7 kB]
Get:13 http://archive.ubuntu.com/ubuntu focal/main amd64 binutils-x86-64-linux-gnu amd64 2.34-6ubuntu1 [1,614 kB]
Get:14 http://archive.ubuntu.com/ubuntu focal/main amd64 binutils-common amd64 2.34-6ubuntu1 [207 kB]
Get:15 http://archive.ubuntu.com/ubuntu focal/main amd64 binutils amd64 2.34-6ubuntu1 [3,376 B]
Get:16 http://archive.ubuntu.com/ubuntu focal/main amd64 libbinutils amd64 2.34-6ubuntu1 [474 kB]
Get:17 http://archive.ubuntu.com/ubuntu focal/main amd64 libctf-nobfd0 amd64 2.34-6ubuntu1 [47.0 kB]
Get:18 http://archive.ubuntu.com/ubuntu focal/main amd64 libctf0 amd64 2.34-6ubuntu1 [46.6 kB]
Get:19 http://archive.ubuntu.com/ubuntu focal/main amd64 libllvm10 amd64 1:10.0.0-4ubuntu1 [15.3 MB]
Get:20 http://archive.ubuntu.com/ubuntu focal/universe amd64 libclang-cpp10 amd64 1:10.0.0-4ubuntu1 [9,944 kB]
Get:21 http://archive.ubuntu.com/ubuntu focal/main amd64 gcc-9-base amd64 9.3.0-10ubuntu2 [19.3 kB]
Get:22 http://archive.ubuntu.com/ubuntu focal/main amd64 libgomp1 amd64 10-20200411-0ubuntu1 [101 kB]
Get:23 http://archive.ubuntu.com/ubuntu focal/main amd64 libitm1 amd64 10-20200411-0ubuntu1 [26.3 kB]
Get:24 http://archive.ubuntu.com/ubuntu focal/main amd64 libatomic1 amd64 10-20200411-0ubuntu1 [9,284 B]
Get:25 http://archive.ubuntu.com/ubuntu focal/main amd64 libasan5 amd64 9.3.0-10ubuntu2 [395 kB]
Get:26 http://archive.ubuntu.com/ubuntu focal/main amd64 liblsan0 amd64 10-20200411-0ubuntu1 [144 kB]
Get:27 http://archive.ubuntu.com/ubuntu focal/main amd64 libtsan0 amd64 10-20200411-0ubuntu1 [319 kB]
Get:28 http://archive.ubuntu.com/ubuntu focal/main amd64 libubsan1 amd64 10-20200411-0ubuntu1 [136 kB]
Get:29 http://archive.ubuntu.com/ubuntu focal/main amd64 libquadmath0 amd64 10-20200411-0ubuntu1 [146 kB]
Get:30 http://archive.ubuntu.com/ubuntu focal/main amd64 libgcc-9-dev amd64 9.3.0-10ubuntu2 [2,359 kB]
Get:31 http://archive.ubuntu.com/ubuntu focal/main amd64 libstdc++-9-dev amd64 9.3.0-10ubuntu2 [1,711 kB]
Get:32 http://archive.ubuntu.com/ubuntu focal/universe amd64 libobjc4 amd64 10-20200411-0ubuntu1 [42.8 kB]
Get:33 http://archive.ubuntu.com/ubuntu focal/universe amd64 libobjc-9-dev amd64 9.3.0-10ubuntu2 [225 kB]
Get:34 http://archive.ubuntu.com/ubuntu focal/main amd64 libc6-i386 amd64 2.31-0ubuntu9 [2,723 kB]
Get:35 http://archive.ubuntu.com/ubuntu focal/main amd64 lib32gcc-s1 amd64 10-20200411-0ubuntu1 [49.6 kB]
Get:36 http://archive.ubuntu.com/ubuntu focal/main amd64 lib32gcc1 amd64 1:10-20200411-0ubuntu1 [1,132 B]
Get:37 http://archive.ubuntu.com/ubuntu focal/main amd64 lib32stdc++6 amd64 10-20200411-0ubuntu1 [525 kB]
Get:38 http://archive.ubuntu.com/ubuntu focal/universe amd64 libclang-common-10-dev amd64 1:10.0.0-4ubuntu1 [5,012 kB]
Get:39 http://archive.ubuntu.com/ubuntu focal/universe amd64 libclang1-10 amd64 1:10.0.0-4ubuntu1 [7,571 kB]
Get:40 http://archive.ubuntu.com/ubuntu focal/universe amd64 clang-10 amd64 1:10.0.0-4ubuntu1 [66.9 kB]
Get:41 http://archive.ubuntu.com/ubuntu focal/universe amd64 clang-format-10 amd64 1:10.0.0-4ubuntu1 [40.9 kB]
Get:42 http://archive.ubuntu.com/ubuntu focal/universe amd64 clang-format amd64 1:10.0-50~exp1 [3,272 B]
Get:43 http://archive.ubuntu.com/ubuntu focal/universe amd64 clang-tools-10 amd64 1:10.0.0-4ubuntu1 [6,150 kB]
Get:44 http://archive.ubuntu.com/ubuntu focal/universe amd64 clang-tidy-10 amd64 1:10.0.0-4ubuntu1 [1,033 kB]
Get:45 http://archive.ubuntu.com/ubuntu focal/universe amd64 clang-tidy amd64 1:10.0-50~exp1 [3,048 B]
Get:46 http://archive.ubuntu.com/ubuntu focal/universe amd64 clang-tools amd64 1:10.0-50~exp1 [3,176 B]
Get:47 http://archive.ubuntu.com/ubuntu focal/main amd64 libisl22 amd64 0.22.1-1 [592 kB]
Get:48 http://archive.ubuntu.com/ubuntu focal/universe amd64 cpp-10 amd64 10-20200411-0ubuntu1 [8,050 kB]
Get:49 http://archive.ubuntu.com/ubuntu focal/universe amd64 libtinyxml2-6a amd64 7.0.0+dfsg-1build1 [28.4 kB]
Get:50 http://archive.ubuntu.com/ubuntu focal/main amd64 python3-pygments all 2.3.1+dfsg-1ubuntu2 [579 kB]
Get:51 http://archive.ubuntu.com/ubuntu focal/universe amd64 cppcheck amd64 1.90-4build1 [1,646 kB]
Get:52 http://archive.ubuntu.com/ubuntu focal/main amd64 libcc1-0 amd64 10-20200411-0ubuntu1 [41.1 kB]
Get:53 http://archive.ubuntu.com/ubuntu focal/main amd64 libasan6 amd64 10-20200411-0ubuntu1 [344 kB]
Get:54 http://archive.ubuntu.com/ubuntu focal/main amd64 libgcc-10-dev amd64 10-20200411-0ubuntu1 [2,340 kB]
Get:55 http://archive.ubuntu.com/ubuntu focal/universe amd64 gcc-10 amd64 10-20200411-0ubuntu1 [16.3 MB]
Get:56 http://archive.ubuntu.com/ubuntu focal/universe amd64 libstdc++-10-dev amd64 10-20200411-0ubuntu1 [1,717 kB]
Get:57 http://archive.ubuntu.com/ubuntu focal/universe amd64 g++-10 amd64 10-20200411-0ubuntu1 [9,034 kB]
Get:58 http://archive.ubuntu.com/ubuntu focal/main amd64 libboost1.71-dev amd64 1.71.0-6ubuntu6 [9,068 kB]
Get:59 http://archive.ubuntu.com/ubuntu focal/main amd64 libboost-dev amd64 1.71.0.0ubuntu2 [3,596 B]
Get:60 http://archive.ubuntu.com/ubuntu focal/universe amd64 iwyu amd64 8.0-3build1 [5,068 kB]
Preconfiguring packages ...
Fetched 122 MB in 5s (23.4 MB/s)
Selecting previously unselected package gcc-10-base:amd64.
(Reading database ... (Reading database ... 5%(Reading database ... 10%(Reading database ... 15%(Reading database ... 20%(Reading database ... 25%(Reading database ... 30%(Reading database ... 35%(Reading database ... 40%(Reading database ... 45%(Reading database ... 50%(Reading database ... 55%(Reading database ... 60%(Reading database ... 65%(Reading database ... 70%(Reading database ... 75%(Reading database ... 80%(Reading database ... 85%(Reading database ... 90%(Reading database ... 95%(Reading database ... 100%(Reading database ... 118522 files and directories currently installed.)
Preparing to unpack .../gcc-10-base_10-20200411-0ubuntu1_amd64.deb ...
Unpacking gcc-10-base:amd64 (10-20200411-0ubuntu1) ...
Setting up gcc-10-base:amd64 (10-20200411-0ubuntu1) ...
Selecting previously unselected package libgcc-s1:amd64.
(Reading database ... (Reading database ... 5%(Reading database ... 10%(Reading database ... 15%(Reading database ... 20%(Reading database ... 25%(Reading database ... 30%(Reading database ... 35%(Reading database ... 40%(Reading database ... 45%(Reading database ... 50%(Reading database ... 55%(Reading database ... 60%(Reading database ... 65%(Reading database ... 70%(Reading database ... 75%(Reading database ... 80%(Reading database ... 85%(Reading database ... 90%(Reading database ... 95%(Reading database ... 100%(Reading database ... 118527 files and directories currently installed.)
Preparing to unpack .../libgcc-s1_10-20200411-0ubuntu1_amd64.deb ...
Unpacking libgcc-s1:amd64 (10-20200411-0ubuntu1) ...
Replacing files in old package libgcc1:amd64 (1:8.3.0-6ubuntu1~18.04.1) ...
Setting up libgcc-s1:amd64 (10-20200411-0ubuntu1) ...
(Reading database ... (Reading database ... 5%(Reading database ... 10%(Reading database ... 15%(Reading database ... 20%(Reading database ... 25%(Reading database ... 30%(Reading database ... 35%(Reading database ... 40%(Reading database ... 45%(Reading database ... 50%(Reading database ... 55%(Reading database ... 60%(Reading database ... 65%(Reading database ... 70%(Reading database ... 75%(Reading database ... 80%(Reading database ... 85%(Reading database ... 90%(Reading database ... 95%(Reading database ... 100%(Reading database ... 118529 files and directories currently installed.)
Preparing to unpack .../locales_2.31-0ubuntu9_all.deb ...
Unpacking locales (2.31-0ubuntu9) over (2.27-3ubuntu1) ...
Preparing to unpack .../libc6_2.31-0ubuntu9_amd64.deb ...
Checking for services that may need to be restarted...
Checking init scripts...
Checking for services that may need to be restarted...
Checking init scripts...
Stopping some services possibly affected by the upgrade (will be restarted later):
  cron: stopping...done.

Unpacking libc6:amd64 (2.31-0ubuntu9) over (2.27-3ubuntu1) ...
Selecting previously unselected package libcrypt1:amd64.
Preparing to unpack .../libcrypt1_1%3a4.4.10-10ubuntu4_amd64.deb ...
Unpacking libcrypt1:amd64 (1:4.4.10-10ubuntu4) ...
Setting up libcrypt1:amd64 (1:4.4.10-10ubuntu4) ...
Setting up libc6:amd64 (2.31-0ubuntu9) ...
Checking for services that may need to be restarted...
Checking init scripts...
Restarting services possibly affected by the upgrade:
  cron: restarting...done.
  atd: restarting...done.

Services restarted successfully.
(Reading database ... (Reading database ... 5%(Reading database ... 10%(Reading database ... 15%(Reading database ... 20%(Reading database ... 25%(Reading database ... 30%(Reading database ... 35%(Reading database ... 40%(Reading database ... 45%(Reading database ... 50%(Reading database ... 55%(Reading database ... 60%(Reading database ... 65%(Reading database ... 70%(Reading database ... 75%(Reading database ... 80%(Reading database ... 85%(Reading database ... 90%(Reading database ... 95%(Reading database ... 100%(Reading database ... 118531 files and directories currently installed.)
Preparing to unpack .../libc-bin_2.31-0ubuntu9_amd64.deb ...
Unpacking libc-bin (2.31-0ubuntu9) over (2.27-3ubuntu1) ...
Setting up libc-bin (2.31-0ubuntu9) ...
(Reading database ... (Reading database ... 5%(Reading database ... 10%(Reading database ... 15%(Reading database ... 20%(Reading database ... 25%(Reading database ... 30%(Reading database ... 35%(Reading database ... 40%(Reading database ... 45%(Reading database ... 50%(Reading database ... 55%(Reading database ... 60%(Reading database ... 65%(Reading database ... 70%(Reading database ... 75%(Reading database ... 80%(Reading database ... 85%(Reading database ... 90%(Reading database ... 95%(Reading database ... 100%(Reading database ... 118531 files and directories currently installed.)
Preparing to unpack .../libc-dev-bin_2.31-0ubuntu9_amd64.deb ...
Unpacking libc-dev-bin (2.31-0ubuntu9) over (2.27-3ubuntu1) ...
Preparing to unpack .../libc6-dev_2.31-0ubuntu9_amd64.deb ...
Unpacking libc6-dev:amd64 (2.31-0ubuntu9) over (2.27-3ubuntu1) ...
Selecting previously unselected package libcrypt-dev:amd64.
Preparing to unpack .../libcrypt-dev_1%3a4.4.10-10ubuntu4_amd64.deb ...
Unpacking libcrypt-dev:amd64 (1:4.4.10-10ubuntu4) ...
Preparing to unpack .../libstdc++6_10-20200411-0ubuntu1_amd64.deb ...
Unpacking libstdc++6:amd64 (10-20200411-0ubuntu1) over (8.3.0-6ubuntu1~18.04.1) ...
Setting up libstdc++6:amd64 (10-20200411-0ubuntu1) ...
Selecting previously unselected package libtinfo6:amd64.
(Reading database ... (Reading database ... 5%(Reading database ... 10%(Reading database ... 15%(Reading database ... 20%(Reading database ... 25%(Reading database ... 30%(Reading database ... 35%(Reading database ... 40%(Reading database ... 45%(Reading database ... 50%(Reading database ... 55%(Reading database ... 60%(Reading database ... 65%(Reading database ... 70%(Reading database ... 75%(Reading database ... 80%(Reading database ... 85%(Reading database ... 90%(Reading database ... 95%(Reading database ... 100%(Reading database ... 118574 files and directories currently installed.)
Preparing to unpack .../00-libtinfo6_6.2-0ubuntu2_amd64.deb ...
Unpacking libtinfo6:amd64 (6.2-0ubuntu2) ...
Selecting previously unselected package libffi7:amd64.
Preparing to unpack .../01-libffi7_3.3-4_amd64.deb ...
Unpacking libffi7:amd64 (3.3-4) ...
Preparing to unpack .../02-binutils-x86-64-linux-gnu_2.34-6ubuntu1_amd64.deb ...
Unpacking binutils-x86-64-linux-gnu (2.34-6ubuntu1) over (2.30-21ubuntu1~18.04.2) ...
Preparing to unpack .../03-binutils-common_2.34-6ubuntu1_amd64.deb ...
Unpacking binutils-common:amd64 (2.34-6ubuntu1) over (2.30-21ubuntu1~18.04.2) ...
Preparing to unpack .../04-binutils_2.34-6ubuntu1_amd64.deb ...
Unpacking binutils (2.34-6ubuntu1) over (2.30-21ubuntu1~18.04.2) ...
Preparing to unpack .../05-libbinutils_2.34-6ubuntu1_amd64.deb ...
Unpacking libbinutils:amd64 (2.34-6ubuntu1) over (2.30-21ubuntu1~18.04.2) ...
Selecting previously unselected package libctf-nobfd0:amd64.
Preparing to unpack .../06-libctf-nobfd0_2.34-6ubuntu1_amd64.deb ...
Unpacking libctf-nobfd0:amd64 (2.34-6ubuntu1) ...
Selecting previously unselected package libctf0:amd64.
Preparing to unpack .../07-libctf0_2.34-6ubuntu1_amd64.deb ...
Unpacking libctf0:amd64 (2.34-6ubuntu1) ...
Selecting previously unselected package libllvm10:amd64.
Preparing to unpack .../08-libllvm10_1%3a10.0.0-4ubuntu1_amd64.deb ...
Unpacking libllvm10:amd64 (1:10.0.0-4ubuntu1) ...
Selecting previously unselected package libclang-cpp10.
Preparing to unpack .../09-libclang-cpp10_1%3a10.0.0-4ubuntu1_amd64.deb ...
Unpacking libclang-cpp10 (1:10.0.0-4ubuntu1) ...
Selecting previously unselected package gcc-9-base:amd64.
Preparing to unpack .../10-gcc-9-base_9.3.0-10ubuntu2_amd64.deb ...
Unpacking gcc-9-base:amd64 (9.3.0-10ubuntu2) ...
Preparing to unpack .../11-libgomp1_10-20200411-0ubuntu1_amd64.deb ...
Unpacking libgomp1:amd64 (10-20200411-0ubuntu1) over (8.3.0-6ubuntu1~18.04.1) ...
Preparing to unpack .../12-libitm1_10-20200411-0ubuntu1_amd64.deb ...
Unpacking libitm1:amd64 (10-20200411-0ubuntu1) over (8.3.0-6ubuntu1~18.04.1) ...
Preparing to unpack .../13-libatomic1_10-20200411-0ubuntu1_amd64.deb ...
Unpacking libatomic1:amd64 (10-20200411-0ubuntu1) over (8.3.0-6ubuntu1~18.04.1) ...
Selecting previously unselected package libasan5:amd64.
Preparing to unpack .../14-libasan5_9.3.0-10ubuntu2_amd64.deb ...
Unpacking libasan5:amd64 (9.3.0-10ubuntu2) ...
Preparing to unpack .../15-liblsan0_10-20200411-0ubuntu1_amd64.deb ...
Unpacking liblsan0:amd64 (10-20200411-0ubuntu1) over (8.3.0-6ubuntu1~18.04.1) ...
Preparing to unpack .../16-libtsan0_10-20200411-0ubuntu1_amd64.deb ...
Unpacking libtsan0:amd64 (10-20200411-0ubuntu1) over (8.3.0-6ubuntu1~18.04.1) ...
Selecting previously unselected package libubsan1:amd64.
Preparing to unpack .../17-libubsan1_10-20200411-0ubuntu1_amd64.deb ...
Unpacking libubsan1:amd64 (10-20200411-0ubuntu1) ...
Preparing to unpack .../18-libquadmath0_10-20200411-0ubuntu1_amd64.deb ...
Unpacking libquadmath0:amd64 (10-20200411-0ubuntu1) over (8.3.0-6ubuntu1~18.04.1) ...
Selecting previously unselected package libgcc-9-dev:amd64.
Preparing to unpack .../19-libgcc-9-dev_9.3.0-10ubuntu2_amd64.deb ...
Unpacking libgcc-9-dev:amd64 (9.3.0-10ubuntu2) ...
Selecting previously unselected package libstdc++-9-dev:amd64.
Preparing to unpack .../20-libstdc++-9-dev_9.3.0-10ubuntu2_amd64.deb ...
Unpacking libstdc++-9-dev:amd64 (9.3.0-10ubuntu2) ...
Selecting previously unselected package libobjc4:amd64.
Preparing to unpack .../21-libobjc4_10-20200411-0ubuntu1_amd64.deb ...
Unpacking libobjc4:amd64 (10-20200411-0ubuntu1) ...
Selecting previously unselected package libobjc-9-dev:amd64.
Preparing to unpack .../22-libobjc-9-dev_9.3.0-10ubuntu2_amd64.deb ...
Unpacking libobjc-9-dev:amd64 (9.3.0-10ubuntu2) ...
Selecting previously unselected package libc6-i386.
Preparing to unpack .../23-libc6-i386_2.31-0ubuntu9_amd64.deb ...
Unpacking libc6-i386 (2.31-0ubuntu9) ...
Selecting previously unselected package lib32gcc-s1.
Preparing to unpack .../24-lib32gcc-s1_10-20200411-0ubuntu1_amd64.deb ...
Unpacking lib32gcc-s1 (10-20200411-0ubuntu1) ...
Selecting previously unselected package lib32gcc1.
Preparing to unpack .../25-lib32gcc1_1%3a10-20200411-0ubuntu1_amd64.deb ...
Unpacking lib32gcc1 (1:10-20200411-0ubuntu1) ...
Selecting previously unselected package lib32stdc++6.
Preparing to unpack .../26-lib32stdc++6_10-20200411-0ubuntu1_amd64.deb ...
Unpacking lib32stdc++6 (10-20200411-0ubuntu1) ...
Selecting previously unselected package libclang-common-10-dev.
Preparing to unpack .../27-libclang-common-10-dev_1%3a10.0.0-4ubuntu1_amd64.deb ...
Unpacking libclang-common-10-dev (1:10.0.0-4ubuntu1) ...
Selecting previously unselected package libclang1-10.
Preparing to unpack .../28-libclang1-10_1%3a10.0.0-4ubuntu1_amd64.deb ...
Unpacking libclang1-10 (1:10.0.0-4ubuntu1) ...
Selecting previously unselected package clang-10.
Preparing to unpack .../29-clang-10_1%3a10.0.0-4ubuntu1_amd64.deb ...
Unpacking clang-10 (1:10.0.0-4ubuntu1) ...
Selecting previously unselected package clang-format-10.
Preparing to unpack .../30-clang-format-10_1%3a10.0.0-4ubuntu1_amd64.deb ...
Unpacking clang-format-10 (1:10.0.0-4ubuntu1) ...
Selecting previously unselected package clang-format.
Preparing to unpack .../31-clang-format_1%3a10.0-50~exp1_amd64.deb ...
Unpacking clang-format (1:10.0-50~exp1) ...
Selecting previously unselected package clang-tools-10.
Preparing to unpack .../32-clang-tools-10_1%3a10.0.0-4ubuntu1_amd64.deb ...
Unpacking clang-tools-10 (1:10.0.0-4ubuntu1) ...
Selecting previously unselected package clang-tidy-10.
Preparing to unpack .../33-clang-tidy-10_1%3a10.0.0-4ubuntu1_amd64.deb ...
Unpacking clang-tidy-10 (1:10.0.0-4ubuntu1) ...
Selecting previously unselected package clang-tidy.
Preparing to unpack .../34-clang-tidy_1%3a10.0-50~exp1_amd64.deb ...
Unpacking clang-tidy (1:10.0-50~exp1) ...
Selecting previously unselected package clang-tools.
Preparing to unpack .../35-clang-tools_1%3a10.0-50~exp1_amd64.deb ...
Unpacking clang-tools (1:10.0-50~exp1) ...
Selecting previously unselected package libisl22:amd64.
Preparing to unpack .../36-libisl22_0.22.1-1_amd64.deb ...
Unpacking libisl22:amd64 (0.22.1-1) ...
Selecting previously unselected package cpp-10.
Preparing to unpack .../37-cpp-10_10-20200411-0ubuntu1_amd64.deb ...
Unpacking cpp-10 (10-20200411-0ubuntu1) ...
Selecting previously unselected package libtinyxml2-6a:amd64.
Preparing to unpack .../38-libtinyxml2-6a_7.0.0+dfsg-1build1_amd64.deb ...
Unpacking libtinyxml2-6a:amd64 (7.0.0+dfsg-1build1) ...
Selecting previously unselected package python3-pygments.
Preparing to unpack .../39-python3-pygments_2.3.1+dfsg-1ubuntu2_all.deb ...
Unpacking python3-pygments (2.3.1+dfsg-1ubuntu2) ...
Selecting previously unselected package cppcheck.
Preparing to unpack .../40-cppcheck_1.90-4build1_amd64.deb ...
Unpacking cppcheck (1.90-4build1) ...
Preparing to unpack .../41-libcc1-0_10-20200411-0ubuntu1_amd64.deb ...
Unpacking libcc1-0:amd64 (10-20200411-0ubuntu1) over (8.3.0-6ubuntu1~18.04.1) ...
Selecting previously unselected package libasan6:amd64.
Preparing to unpack .../42-libasan6_10-20200411-0ubuntu1_amd64.deb ...
Unpacking libasan6:amd64 (10-20200411-0ubuntu1) ...
Selecting previously unselected package libgcc-10-dev:amd64.
Preparing to unpack .../43-libgcc-10-dev_10-20200411-0ubuntu1_amd64.deb ...
Unpacking libgcc-10-dev:amd64 (10-20200411-0ubuntu1) ...
Selecting previously unselected package gcc-10.
Preparing to unpack .../44-gcc-10_10-20200411-0ubuntu1_amd64.deb ...
Unpacking gcc-10 (10-20200411-0ubuntu1) ...
Selecting previously unselected package libstdc++-10-dev:amd64.
Preparing to unpack .../45-libstdc++-10-dev_10-20200411-0ubuntu1_amd64.deb ...
Unpacking libstdc++-10-dev:amd64 (10-20200411-0ubuntu1) ...
Selecting previously unselected package g++-10.
Preparing to unpack .../46-g++-10_10-20200411-0ubuntu1_amd64.deb ...
Unpacking g++-10 (10-20200411-0ubuntu1) ...
Selecting previously unselected package libboost1.71-dev:amd64.
Preparing to unpack .../47-libboost1.71-dev_1.71.0-6ubuntu6_amd64.deb ...
Unpacking libboost1.71-dev:amd64 (1.71.0-6ubuntu6) ...
Selecting previously unselected package libboost-dev:amd64.
Preparing to unpack .../48-libboost-dev_1.71.0.0ubuntu2_amd64.deb ...
Unpacking libboost-dev:amd64 (1.71.0.0ubuntu2) ...
Selecting previously unselected package iwyu.
Preparing to unpack .../49-iwyu_8.0-3build1_amd64.deb ...
Unpacking iwyu (8.0-3build1) ...
Setting up libquadmath0:amd64 (10-20200411-0ubuntu1) ...
Setting up libgomp1:amd64 (10-20200411-0ubuntu1) ...
Setting up gcc-9-base:amd64 (9.3.0-10ubuntu2) ...
Setting up libatomic1:amd64 (10-20200411-0ubuntu1) ...
Setting up libcc1-0:amd64 (10-20200411-0ubuntu1) ...
Setting up libobjc4:amd64 (10-20200411-0ubuntu1) ...
Setting up libctf-nobfd0:amd64 (2.34-6ubuntu1) ...
Setting up libboost1.71-dev:amd64 (1.71.0-6ubuntu6) ...
Setting up libtsan0:amd64 (10-20200411-0ubuntu1) ...
Setting up libtinfo6:amd64 (6.2-0ubuntu2) ...
Setting up libc6-i386 (2.31-0ubuntu9) ...
Setting up lib32gcc-s1 (10-20200411-0ubuntu1) ...
Setting up libffi7:amd64 (3.3-4) ...
Setting up liblsan0:amd64 (10-20200411-0ubuntu1) ...
Setting up binutils-common:amd64 (2.34-6ubuntu1) ...
Setting up libasan6:amd64 (10-20200411-0ubuntu1) ...
Setting up libcrypt-dev:amd64 (1:4.4.10-10ubuntu4) ...
Setting up libc-dev-bin (2.31-0ubuntu9) ...
Setting up libboost-dev:amd64 (1.71.0.0ubuntu2) ...
Setting up libisl22:amd64 (0.22.1-1) ...
Setting up libc6-dev:amd64 (2.31-0ubuntu9) ...
Setting up libasan5:amd64 (9.3.0-10ubuntu2) ...
Setting up locales (2.31-0ubuntu9) ...
Installing new version of config file /etc/locale.alias ...
Generating locales (this might take a while)...
  ar_AE.UTF-8... done
  ar_EG.UTF-8... done
  de_AT.UTF-8... done
  de_BE.UTF-8... done
  de_CH.UTF-8... done
  de_DE.UTF-8... done
  en_AG.UTF-8... done
  en_AU.UTF-8... done
  en_BW.UTF-8... done
  en_CA.UTF-8... done
  en_DK.UTF-8... done
  en_GB.UTF-8... done
  en_HK.UTF-8... done
  en_IE.UTF-8... done
  en_IL.UTF-8... done
  en_IN.UTF-8... done
  en_NG.UTF-8... done
  en_NZ.UTF-8... done
  en_PH.UTF-8... done
  en_SG.UTF-8... done
  en_US.UTF-8... done
  en_ZA.UTF-8... done
  en_ZM.UTF-8... done
  en_ZW.UTF-8... done
  es_ES.UTF-8... done
  es_MX.UTF-8... done
  fr_BE.UTF-8... done
  fr_CH.UTF-8... done
  fr_FR.UTF-8... done
  he_IL.UTF-8... done
  hi_IN.UTF-8... done
  ja_JP.UTF-8... done
  ko_KR.UTF-8... done
  ms_MY.UTF-8... done
  pt_BR.UTF-8... done
  pt_PT.UTF-8... done
  ru_RU.UTF-8... done
  ru_UA.UTF-8... done
  uk_UA.UTF-8... done
  zh_CN.UTF-8... done
  zh_TW.UTF-8... done
Generation complete.
Setting up libitm1:amd64 (10-20200411-0ubuntu1) ...
Setting up lib32gcc1 (1:10-20200411-0ubuntu1) ...
Setting up libtinyxml2-6a:amd64 (7.0.0+dfsg-1build1) ...
Setting up libubsan1:amd64 (10-20200411-0ubuntu1) ...
Setting up python3-pygments (2.3.1+dfsg-1ubuntu2) ...
Setting up cppcheck (1.90-4build1) ...
Setting up libllvm10:amd64 (1:10.0.0-4ubuntu1) ...
Setting up libgcc-9-dev:amd64 (9.3.0-10ubuntu2) ...
Setting up libbinutils:amd64 (2.34-6ubuntu1) ...
Setting up cpp-10 (10-20200411-0ubuntu1) ...
Setting up libgcc-10-dev:amd64 (10-20200411-0ubuntu1) ...
Setting up libstdc++-9-dev:amd64 (9.3.0-10ubuntu2) ...
Setting up libstdc++-10-dev:amd64 (10-20200411-0ubuntu1) ...
Setting up libclang1-10 (1:10.0.0-4ubuntu1) ...
Setting up libclang-cpp10 (1:10.0.0-4ubuntu1) ...
Setting up libctf0:amd64 (2.34-6ubuntu1) ...
Setting up lib32stdc++6 (10-20200411-0ubuntu1) ...
Setting up clang-format-10 (1:10.0.0-4ubuntu1) ...
Setting up binutils-x86-64-linux-gnu (2.34-6ubuntu1) ...
Setting up libobjc-9-dev:amd64 (9.3.0-10ubuntu2) ...
Setting up libclang-common-10-dev (1:10.0.0-4ubuntu1) ...
Setting up clang-format (1:10.0-50~exp1) ...
Setting up binutils (2.34-6ubuntu1) ...
Setting up clang-10 (1:10.0.0-4ubuntu1) ...
Setting up gcc-10 (10-20200411-0ubuntu1) ...
Setting up g++-10 (10-20200411-0ubuntu1) ...
Setting up clang-tools-10 (1:10.0.0-4ubuntu1) ...
Setting up iwyu (8.0-3build1) ...
Setting up clang-tools (1:10.0-50~exp1) ...
Setting up clang-tidy-10 (1:10.0.0-4ubuntu1) ...
Setting up clang-tidy (1:10.0-50~exp1) ...
Processing triggers for man-db (2.8.3-2ubuntu0.1) ...
Processing triggers for ccache (3.4.1-1) ...
Updating symlinks in /usr/lib/ccache ...
Processing triggers for libc-bin (2.31-0ubuntu9) ...
travis_time:end:38490fba:start=1593878218992398534,finish=1593878314091615230,duration=95099216696,event=prepare[0Ktravis_fold:end:apt[0Ktravis_time:start:00e3c910[0Ktravis_time:end:00e3c910:start=1593878314096154662,finish=1593878314098701426,duration=2546764,event=fix_ps4[0Ktravis_time:start:043d7e6d[0K
travis_fold:start:git.checkout[0Ktravis_time:start:21a7fba8[0K$ git clone --depth=50 --branch=master https://github.com/bansan85/wiki_le_garrec_fr.git bansan85/wiki_le_garrec_fr
Cloning into 'bansan85/wiki_le_garrec_fr'...
travis_time:end:21a7fba8:start=1593878314106023515,finish=1593878314558681885,duration=452658370,event=checkout[0K$ cd bansan85/wiki_le_garrec_fr
$ git checkout -qf 35b49c9e4ba2556434540b0c1f6fbf0a10a3424c
travis_fold:end:git.checkout[0K
travis_time:end:21a7fba8:start=1593878314106023515,finish=1593878314567191911,duration=461168396,event=checkout[0Ktravis_time:start:0580b88f[0K
[33;1mSetting environment variables from .travis.yml[0m
$ export PASSWORD_OPENSSL=[secure]

travis_time:end:0580b88f:start=1593878314571131952,finish=1593878314578449730,duration=7317778,event=env[0K$ export TRAVIS_COMPILER=g++
$ export CXX=${CXX:-g++}
$ export CXX_FOR_BUILD=${CXX_FOR_BUILD:-g++}
$ export CC=${CC:-gcc}
$ export CC_FOR_BUILD=${CC_FOR_BUILD:-gcc}
$ g++ --version
g++ (Ubuntu 7.4.0-1ubuntu1~18.04.1) 7.4.0
Copyright (C) 2017 Free Software Foundation, Inc.
This is free software; see the source for copying conditions.  There is NO
warranty; not even for MERCHANTABILITY or FITNESS FOR A PARTICULAR PURPOSE.

travis_fold:start:before_install.1[0Ktravis_time:start:05344de8[0K$ cppcheck --version
Cppcheck 1.90
travis_time:end:05344de8:start=1593878314596806966,finish=1593878314602351164,duration=5544198,event=before_install[0Ktravis_fold:end:before_install.1[0Ktravis_fold:start:before_install.2[0Ktravis_time:start:2a80f5ec[0K$ clang-format --version
clang-format version 7.0.0 (tags/RELEASE_700/final)
travis_time:end:2a80f5ec:start=1593878314606819388,finish=1593878314622878328,duration=16058940,event=before_install[0Ktravis_fold:end:before_install.2[0Ktravis_fold:start:before_install.3[0Ktravis_time:start:099f1b2e[0K$ openssl aes-256-cbc -md sha512 -pbkdf2 -iter 100000 -k "$PASSWORD_OPENSSL" -out travis/ci/github_wiki_le_garrec_fr.key -in travis/ci/github_wiki_le_garrec_fr.key.enc -d
travis_time:end:099f1b2e:start=1593878314627358046,finish=1593878314713641712,duration=86283666,event=before_install[0Ktravis_fold:end:before_install.3[0Ktravis_fold:start:before_install.4[0Ktravis_time:start:0de179c4[0K$ eval $(ssh-agent -s)
Agent pid 9468
travis_time:end:0de179c4:start=1593878314718816872,finish=1593878314727540231,duration=8723359,event=before_install[0Ktravis_fold:end:before_install.4[0Ktravis_fold:start:before_install.5[0Ktravis_time:start:3277b41a[0K$ chmod 600 travis/ci/github_wiki_le_garrec_fr.key
travis_time:end:3277b41a:start=1593878314733058537,finish=1593878314736261874,duration=3203337,event=before_install[0Ktravis_fold:end:before_install.5[0Ktravis_fold:start:before_install.6[0Ktravis_time:start:09613851[0K$ ssh-add travis/ci/github_wiki_le_garrec_fr.key
Identity added: travis/ci/github_wiki_le_garrec_fr.key (travis-ci@le-garrec.fr)
travis_time:end:09613851:start=1593878314740378535,finish=1593878314750331682,duration=9953147,event=before_install[0Ktravis_fold:end:before_install.6[0Ktravis_time:start:16eecf5d[0K$ mkdir buildcppgcc; cd buildcppgcc
travis_time:end:16eecf5d:start=1593878314753961578,finish=1593878314757013610,duration=3052032,event=script[0K[32;1mThe command "mkdir buildcppgcc; cd buildcppgcc" exited with 0.[0m
travis_time:start:02192aa5[0K$ CC=/usr/bin/gcc-10 CXX=/usr/bin/g++-10 CXXFLAGS="-Wall -Werror -Wextra -Wpedantic -fanalyzer -O2 -P" cmake ../cpp
-- The C compiler identification is GNU 10.0.1
-- The CXX compiler identification is GNU 10.0.1
-- Check for working C compiler: /usr/bin/gcc-10
-- Check for working C compiler: /usr/bin/gcc-10 -- works
-- Detecting C compiler ABI info
-- Detecting C compiler ABI info - done
-- Detecting C compile features
-- Detecting C compile features - done
-- Check for working CXX compiler: /usr/bin/g++-10
-- Check for working CXX compiler: /usr/bin/g++-10 -- works
-- Detecting CXX compiler ABI info
-- Detecting CXX compiler ABI info - done
-- Detecting CXX compile features
-- Detecting CXX compile features - done
-- Boost  found.
-- Configuring done
-- Generating done
-- Build files have been written to: /home/travis/build/bansan85/wiki_le_garrec_fr/buildcppgcc
travis_time:end:02192aa5:start=1593878314760676960,finish=1593878315635380675,duration=874703715,event=script[0K[32;1mThe command "CC=/usr/bin/gcc-10 CXX=/usr/bin/g++-10 CXXFLAGS="-Wall -Werror -Wextra -Wpedantic -fanalyzer -O2 -P" cmake ../cpp" exited with 0.[0m
travis_time:start:1f265b05[0K$ make
/usr/local/cmake-3.12.4/bin/cmake -H/home/travis/build/bansan85/wiki_le_garrec_fr/cpp -B/home/travis/build/bansan85/wiki_le_garrec_fr/buildcppgcc --check-build-system CMakeFiles/Makefile.cmake 0
/usr/local/cmake-3.12.4/bin/cmake -E cmake_progress_start /home/travis/build/bansan85/wiki_le_garrec_fr/buildcppgcc/CMakeFiles /home/travis/build/bansan85/wiki_le_garrec_fr/buildcppgcc/CMakeFiles/progress.marks
make -f CMakeFiles/Makefile2 all
make[1]: Entering directory '/home/travis/build/bansan85/wiki_le_garrec_fr/buildcppgcc'
make -f boost/executor/CMakeFiles/boostexecutor.dir/build.make boost/executor/CMakeFiles/boostexecutor.dir/depend
make[2]: Entering directory '/home/travis/build/bansan85/wiki_le_garrec_fr/buildcppgcc'
cd /home/travis/build/bansan85/wiki_le_garrec_fr/buildcppgcc && /usr/local/cmake-3.12.4/bin/cmake -E cmake_depends "Unix Makefiles" /home/travis/build/bansan85/wiki_le_garrec_fr/cpp /home/travis/build/bansan85/wiki_le_garrec_fr/cpp/boost/executor /home/travis/build/bansan85/wiki_le_garrec_fr/buildcppgcc /home/travis/build/bansan85/wiki_le_garrec_fr/buildcppgcc/boost/executor /home/travis/build/bansan85/wiki_le_garrec_fr/buildcppgcc/boost/executor/CMakeFiles/boostexecutor.dir/DependInfo.cmake --color=
Scanning dependencies of target boostexecutor
make[2]: Leaving directory '/home/travis/build/bansan85/wiki_le_garrec_fr/buildcppgcc'
make -f boost/executor/CMakeFiles/boostexecutor.dir/build.make boost/executor/CMakeFiles/boostexecutor.dir/build
make[2]: Entering directory '/home/travis/build/bansan85/wiki_le_garrec_fr/buildcppgcc'
[ 11%] Building CXX object boost/executor/CMakeFiles/boostexecutor.dir/executor.cpp.o
cd /home/travis/build/bansan85/wiki_le_garrec_fr/buildcppgcc/boost/executor && /usr/bin/g++-10    -Wall -Werror -Wextra -Wpedantic -fanalyzer -O2 -P   -o CMakeFiles/boostexecutor.dir/executor.cpp.o -c /home/travis/build/bansan85/wiki_le_garrec_fr/cpp/boost/executor/executor.cpp
[ 22%] Building CXX object boost/executor/CMakeFiles/boostexecutor.dir/main.cpp.o
cd /home/travis/build/bansan85/wiki_le_garrec_fr/buildcppgcc/boost/executor && /usr/bin/g++-10    -Wall -Werror -Wextra -Wpedantic -fanalyzer -O2 -P   -o CMakeFiles/boostexecutor.dir/main.cpp.o -c /home/travis/build/bansan85/wiki_le_garrec_fr/cpp/boost/executor/main.cpp
[ 33%] Linking CXX executable boostexecutor
cd /home/travis/build/bansan85/wiki_le_garrec_fr/buildcppgcc/boost/executor && /usr/local/cmake-3.12.4/bin/cmake -E cmake_link_script CMakeFiles/boostexecutor.dir/link.txt --verbose=1
/usr/bin/g++-10  -Wall -Werror -Wextra -Wpedantic -fanalyzer -O2 -P   CMakeFiles/boostexecutor.dir/executor.cpp.o CMakeFiles/boostexecutor.dir/main.cpp.o  -o boostexecutor 
/usr/bin/ld: CMakeFiles/boostexecutor.dir/executor.cpp.o: in function `boost::asio::detail::posix_global_impl<boost::asio::system_context>::~posix_global_impl()':
executor.cpp:(.text._ZN5boost4asio6detail17posix_global_implINS0_14system_contextEED2Ev[_ZN5boost4asio6detail17posix_global_implINS0_14system_contextEED5Ev]+0xa3): undefined reference to `pthread_join'
/usr/bin/ld: executor.cpp:(.text._ZN5boost4asio6detail17posix_global_implINS0_14system_contextEED2Ev[_ZN5boost4asio6detail17posix_global_implINS0_14system_contextEED5Ev]+0xc4): undefined reference to `pthread_detach'
/usr/bin/ld: CMakeFiles/boostexecutor.dir/main.cpp.o: in function `main':
main.cpp:(.text.startup+0x20b): undefined reference to `pthread_create'
collect2: error: ld returned 1 exit status
boost/executor/CMakeFiles/boostexecutor.dir/build.make:101: recipe for target 'boost/executor/boostexecutor' failed
make[2]: *** [boost/executor/boostexecutor] Error 1
make[2]: Leaving directory '/home/travis/build/bansan85/wiki_le_garrec_fr/buildcppgcc'
CMakeFiles/Makefile2:143: recipe for target 'boost/executor/CMakeFiles/boostexecutor.dir/all' failed
make[1]: *** [boost/executor/CMakeFiles/boostexecutor.dir/all] Error 2
make[1]: Leaving directory '/home/travis/build/bansan85/wiki_le_garrec_fr/buildcppgcc'
Makefile:86: recipe for target 'all' failed
make: *** [all] Error 2
travis_time:end:1f265b05:start=1593878315640014361,finish=1593878327099976997,duration=11459962636,event=script[0K[31;1mThe command "make" exited with 2.[0m
travis_time:start:38917700[0K$ cppcheck --inconclusive --enable=all --project=compile_commands.json
Checking /home/travis/build/bansan85/wiki_le_garrec_fr/cpp/boost/executor/executor.cpp ...
/home/travis/build/bansan85/wiki_le_garrec_fr/cpp/boost/executor/executor.cpp:65:10: style:inconclusive: Technically the member function 'PrioritySchedulerImpl::item_comp::operator()' can be const. [functionConst]
    bool operator()(const std::shared_ptr<item_base>& a,
         ^
/home/travis/build/bansan85/wiki_le_garrec_fr/cpp/boost/executor/executor.cpp:100:8: performance:inconclusive: Technically the member function 'ExecutorTypeImpl::on_work_started' can be static (but you may consider moving to unnamed namespace). [functionStatic]
  void on_work_started() const noexcept {}
       ^
/home/travis/build/bansan85/wiki_le_garrec_fr/cpp/boost/executor/executor.cpp:103:8: performance:inconclusive: Technically the member function 'ExecutorTypeImpl::on_work_finished' can be static (but you may consider moving to unnamed namespace). [functionStatic]
  void on_work_finished() const noexcept {}
       ^
1/7 files checked 14% done
Checking /home/travis/build/bansan85/wiki_le_garrec_fr/cpp/boost/executor/main.cpp ...
2/7 files checked 28% done
Checking /home/travis/build/bansan85/wiki_le_garrec_fr/cpp/linker/weak/ClasseA.cpp ...
3/7 files checked 42% done
Checking /home/travis/build/bansan85/wiki_le_garrec_fr/cpp/linker/weak/ClasseB.cpp ...
4/7 files checked 57% done
Checking /home/travis/build/bansan85/wiki_le_garrec_fr/cpp/linker/weak/main.cpp ...
5/7 files checked 71% done
Checking /home/travis/build/bansan85/wiki_le_garrec_fr/cpp/preprocessor/str_helper.cpp ...
6/7 files checked 85% done
Checking /home/travis/build/bansan85/wiki_le_garrec_fr/cpp/preprocessor/macro_and_spaces.cpp ...
/home/travis/build/bansan85/wiki_le_garrec_fr/cpp/preprocessor/macro_and_spaces.cpp:7:18: style: Statements following return, break, continue, goto or throw will never be executed. [unreachableCode]
  return RET_NEG(ARG1);  // NOLINT
                 ^
/home/travis/build/bansan85/wiki_le_garrec_fr/cpp/preprocessor/macro_and_spaces.cpp:7:18: warning: Unused variable value 'ARG1' [constStatement]
  return RET_NEG(ARG1);  // NOLINT
                 ^
7/7 files checked 100% done
/home/travis/build/bansan85/wiki_le_garrec_fr/cpp/boost/executor/executor.cpp:103:0: style: The function 'on_work_finished' is never used. [unusedFunction]

^
/home/travis/build/bansan85/wiki_le_garrec_fr/cpp/boost/executor/executor.cpp:100:0: style: The function 'on_work_started' is never used. [unusedFunction]

^
nofile:0:0: information: Cppcheck cannot find all the include files (use --check-config for details) [missingIncludeSystem]

travis_time:end:38917700:start=1593878327107667452,finish=1593878327147594610,duration=39927158,event=script[0K[32;1mThe command "cppcheck --inconclusive --enable=all --project=compile_commands.json" exited with 0.[0m
travis_time:start:10fbd089[0K$ iwyu_tool -p . > iwyu_tool.log; if [ $(cat iwyu_tool.log |grep -e "should add these lines" -e "should remove these lines" | wc -l) -ne "0" ]; then cat iwyu_tool.log ; exit 1; fi
travis_time:end:10fbd089:start=1593878327151970635,finish=1593878330973811808,duration=3821841173,event=script[0K[32;1mThe command "iwyu_tool -p . > iwyu_tool.log; if [ $(cat iwyu_tool.log |grep -e "should add these lines" -e "should remove these lines" | wc -l) -ne "0" ]; then cat iwyu_tool.log ; exit 1; fi" exited with 0.[0m
travis_time:start:04eadaae[0K$ cd ..
travis_time:end:04eadaae:start=1593878330977785785,finish=1593878330980366046,duration=2580261,event=script[0K[32;1mThe command "cd .." exited with 0.[0m
travis_time:start:155ab0b8[0K$ mkdir buildcppclang; cd buildcppclang
travis_time:end:155ab0b8:start=1593878330984188665,finish=1593878330988269259,duration=4080594,event=script[0K[32;1mThe command "mkdir buildcppclang; cd buildcppclang" exited with 0.[0m
travis_time:start:0a53a272[0K$ CC=/usr/bin/clang-10 CXX=/usr/bin/clang++-10 CXXFLAGS="-isystem /usr/lib/llvm-10/lib/clang/10.0.0/include -Weverything -Werror -O2 -Wno-c++98-compat" cmake ../cpp
-- The C compiler identification is Clang 10.0.0
-- The CXX compiler identification is Clang 10.0.0
-- Check for working C compiler: /usr/bin/clang-10
-- Check for working C compiler: /usr/bin/clang-10 -- works
-- Detecting C compiler ABI info
-- Detecting C compiler ABI info - done
-- Detecting C compile features
-- Detecting C compile features - done
-- Check for working CXX compiler: /usr/bin/clang++-10
-- Check for working CXX compiler: /usr/bin/clang++-10 -- works
-- Detecting CXX compiler ABI info
-- Detecting CXX compiler ABI info - done
-- Detecting CXX compile features
-- Detecting CXX compile features - done
-- Boost  found.
-- Configuring done
-- Generating done
-- Build files have been written to: /home/travis/build/bansan85/wiki_le_garrec_fr/buildcppclang
travis_time:end:0a53a272:start=1593878330992007501,finish=1593878332205160539,duration=1213153038,event=script[0K[32;1mThe command "CC=/usr/bin/clang-10 CXX=/usr/bin/clang++-10 CXXFLAGS="-isystem /usr/lib/llvm-10/lib/clang/10.0.0/include -Weverything -Werror -O2 -Wno-c++98-compat" cmake ../cpp" exited with 0.[0m
travis_time:start:050b8f42[0K$ make
/usr/local/cmake-3.12.4/bin/cmake -H/home/travis/build/bansan85/wiki_le_garrec_fr/cpp -B/home/travis/build/bansan85/wiki_le_garrec_fr/buildcppclang --check-build-system CMakeFiles/Makefile.cmake 0
/usr/local/cmake-3.12.4/bin/cmake -E cmake_progress_start /home/travis/build/bansan85/wiki_le_garrec_fr/buildcppclang/CMakeFiles /home/travis/build/bansan85/wiki_le_garrec_fr/buildcppclang/CMakeFiles/progress.marks
make -f CMakeFiles/Makefile2 all
make[1]: Entering directory '/home/travis/build/bansan85/wiki_le_garrec_fr/buildcppclang'
make -f CMakeFiles/clang_fmt.dir/build.make CMakeFiles/clang_fmt.dir/depend
make[2]: Entering directory '/home/travis/build/bansan85/wiki_le_garrec_fr/buildcppclang'
cd /home/travis/build/bansan85/wiki_le_garrec_fr/buildcppclang && /usr/local/cmake-3.12.4/bin/cmake -E cmake_depends "Unix Makefiles" /home/travis/build/bansan85/wiki_le_garrec_fr/cpp /home/travis/build/bansan85/wiki_le_garrec_fr/cpp /home/travis/build/bansan85/wiki_le_garrec_fr/buildcppclang /home/travis/build/bansan85/wiki_le_garrec_fr/buildcppclang /home/travis/build/bansan85/wiki_le_garrec_fr/buildcppclang/CMakeFiles/clang_fmt.dir/DependInfo.cmake --color=
Scanning dependencies of target clang_fmt
make[2]: Leaving directory '/home/travis/build/bansan85/wiki_le_garrec_fr/buildcppclang'
make -f CMakeFiles/clang_fmt.dir/build.make CMakeFiles/clang_fmt.dir/build
make[2]: Entering directory '/home/travis/build/bansan85/wiki_le_garrec_fr/buildcppclang'
sh /home/travis/build/bansan85/wiki_le_garrec_fr/cpp/clang-format-check.sh /home/travis/build/bansan85/wiki_le_garrec_fr/cpp/boost/executor/executor.cpp
sh /home/travis/build/bansan85/wiki_le_garrec_fr/cpp/clang-format-check.sh /home/travis/build/bansan85/wiki_le_garrec_fr/cpp/boost/executor/executor.h
sh /home/travis/build/bansan85/wiki_le_garrec_fr/cpp/clang-format-check.sh /home/travis/build/bansan85/wiki_le_garrec_fr/cpp/boost/executor/main.cpp
sh /home/travis/build/bansan85/wiki_le_garrec_fr/cpp/clang-format-check.sh /home/travis/build/bansan85/wiki_le_garrec_fr/cpp/linker/weak/ClasseA.cpp
sh /home/travis/build/bansan85/wiki_le_garrec_fr/cpp/clang-format-check.sh /home/travis/build/bansan85/wiki_le_garrec_fr/cpp/linker/weak/ClasseA.h
sh /home/travis/build/bansan85/wiki_le_garrec_fr/cpp/clang-format-check.sh /home/travis/build/bansan85/wiki_le_garrec_fr/cpp/linker/weak/ClasseB.cpp
sh /home/travis/build/bansan85/wiki_le_garrec_fr/cpp/clang-format-check.sh /home/travis/build/bansan85/wiki_le_garrec_fr/cpp/linker/weak/ClasseB.h
sh /home/travis/build/bansan85/wiki_le_garrec_fr/cpp/clang-format-check.sh /home/travis/build/bansan85/wiki_le_garrec_fr/cpp/linker/weak/Entete.h
sh /home/travis/build/bansan85/wiki_le_garrec_fr/cpp/clang-format-check.sh /home/travis/build/bansan85/wiki_le_garrec_fr/cpp/linker/weak/main.cpp
sh /home/travis/build/bansan85/wiki_le_garrec_fr/cpp/clang-format-check.sh /home/travis/build/bansan85/wiki_le_garrec_fr/cpp/preprocessor/macro_and_spaces.cpp
sh /home/travis/build/bansan85/wiki_le_garrec_fr/cpp/clang-format-check.sh /home/travis/build/bansan85/wiki_le_garrec_fr/cpp/preprocessor/str_helper.cpp
sh /home/travis/build/bansan85/wiki_le_garrec_fr/cpp/clang-format-check.sh /home/travis/build/bansan85/wiki_le_garrec_fr/cpp/preprocessor/str_helper.h
make[2]: Leaving directory '/home/travis/build/bansan85/wiki_le_garrec_fr/buildcppclang'
[  0%] Built target clang_fmt
make -f boost/executor/CMakeFiles/boostexecutor.dir/build.make boost/executor/CMakeFiles/boostexecutor.dir/depend
make[2]: Entering directory '/home/travis/build/bansan85/wiki_le_garrec_fr/buildcppclang'
cd /home/travis/build/bansan85/wiki_le_garrec_fr/buildcppclang && /usr/local/cmake-3.12.4/bin/cmake -E cmake_depends "Unix Makefiles" /home/travis/build/bansan85/wiki_le_garrec_fr/cpp /home/travis/build/bansan85/wiki_le_garrec_fr/cpp/boost/executor /home/travis/build/bansan85/wiki_le_garrec_fr/buildcppclang /home/travis/build/bansan85/wiki_le_garrec_fr/buildcppclang/boost/executor /home/travis/build/bansan85/wiki_le_garrec_fr/buildcppclang/boost/executor/CMakeFiles/boostexecutor.dir/DependInfo.cmake --color=
Scanning dependencies of target boostexecutor
make[2]: Leaving directory '/home/travis/build/bansan85/wiki_le_garrec_fr/buildcppclang'
make -f boost/executor/CMakeFiles/boostexecutor.dir/build.make boost/executor/CMakeFiles/boostexecutor.dir/build
make[2]: Entering directory '/home/travis/build/bansan85/wiki_le_garrec_fr/buildcppclang'
[ 11%] Building CXX object boost/executor/CMakeFiles/boostexecutor.dir/executor.cpp.o
cd /home/travis/build/bansan85/wiki_le_garrec_fr/buildcppclang/boost/executor && /usr/bin/clang++-10    -isystem /usr/lib/llvm-10/lib/clang/10.0.0/include -Weverything -Werror -O2 -Wno-c++98-compat   -o CMakeFiles/boostexecutor.dir/executor.cpp.o -c /home/travis/build/bansan85/wiki_le_garrec_fr/cpp/boost/executor/executor.cpp
/home/travis/build/bansan85/wiki_le_garrec_fr/cpp/boost/executor/executor.cpp:93:21: error: explicitly defaulted move assignment operator is implicitly deleted [-Werror,-Wdefaulted-function-deleted]
  ExecutorTypeImpl& operator=(ExecutorTypeImpl&& other) noexcept = default;
                    ^
/home/travis/build/bansan85/wiki_le_garrec_fr/cpp/boost/executor/executor.cpp:113:22: note: move assignment operator of 'ExecutorTypeImpl' is implicitly deleted because field 'context_' is of reference type 'PriorityScheduler &'
  PriorityScheduler& context_;
                     ^
/home/travis/build/bansan85/wiki_le_garrec_fr/cpp/boost/executor/executor.cpp:83:40: error: padding size of 'PriorityScheduler::ExecutorType::ExecutorTypeImpl' with 4 bytes to alignment boundary [-Werror,-Wpadded]
class PriorityScheduler::ExecutorType::ExecutorTypeImpl
                                       ^
/home/travis/build/bansan85/wiki_le_garrec_fr/cpp/boost/executor/executor.cpp:38:52: error: padding struct 'PriorityScheduler::PrioritySchedulerImpl::item_base' with 4 bytes to align 'timestamp' [-Werror,-Wpadded]
    std::chrono::high_resolution_clock::time_point timestamp;
                                                   ^
/home/travis/build/bansan85/wiki_le_garrec_fr/cpp/boost/executor/executor.cpp:8:26: error: padding size of 'PriorityScheduler::PrioritySchedulerImpl' with 7 bytes to alignment boundary [-Werror,-Wpadded]
class PriorityScheduler::PrioritySchedulerImpl
                         ^
4 errors generated.
boost/executor/CMakeFiles/boostexecutor.dir/build.make:65: recipe for target 'boost/executor/CMakeFiles/boostexecutor.dir/executor.cpp.o' failed
make[2]: *** [boost/executor/CMakeFiles/boostexecutor.dir/executor.cpp.o] Error 1
make[2]: Leaving directory '/home/travis/build/bansan85/wiki_le_garrec_fr/buildcppclang'
CMakeFiles/Makefile2:148: recipe for target 'boost/executor/CMakeFiles/boostexecutor.dir/all' failed
make[1]: *** [boost/executor/CMakeFiles/boostexecutor.dir/all] Error 2
make[1]: Leaving directory '/home/travis/build/bansan85/wiki_le_garrec_fr/buildcppclang'
Makefile:86: recipe for target 'all' failed
make: *** [all] Error 2
travis_time:end:050b8f42:start=1593878332210074337,finish=1593878333581859348,duration=1371785011,event=script[0K[31;1mThe command "make" exited with 2.[0m
travis_time:start:0cf9d38e[0K$ python3 /usr/lib/llvm-*/share/clang/run-clang-tidy.py
Enabled checks:
    abseil-duration-addition
    abseil-duration-comparison
    abseil-duration-conversion-cast
    abseil-duration-division
    abseil-duration-factory-float
    abseil-duration-factory-scale
    abseil-duration-subtraction
    abseil-duration-unnecessary-conversion
    abseil-faster-strsplit-delimiter
    abseil-no-internal-dependencies
    abseil-no-namespace
    abseil-redundant-strcat-calls
    abseil-str-cat-append
    abseil-string-find-startswith
    abseil-time-comparison
    abseil-time-subtraction
    abseil-upgrade-duration-conversions
    android-cloexec-accept
    android-cloexec-accept4
    android-cloexec-creat
    android-cloexec-dup
    android-cloexec-epoll-create
    android-cloexec-epoll-create1
    android-cloexec-fopen
    android-cloexec-inotify-init
    android-cloexec-inotify-init1
    android-cloexec-memfd-create
    android-cloexec-open
    android-cloexec-pipe
    android-cloexec-pipe2
    android-cloexec-socket
    android-comparison-in-temp-failure-retry
    boost-use-to-string
    bugprone-argument-comment
    bugprone-assert-side-effect
    bugprone-bad-signal-to-kill-thread
    bugprone-bool-pointer-implicit-conversion
    bugprone-branch-clone
    bugprone-copy-constructor-init
    bugprone-dangling-handle
    bugprone-dynamic-static-initializers
    bugprone-exception-escape
    bugprone-fold-init-type
    bugprone-forward-declaration-namespace
    bugprone-forwarding-reference-overload
    bugprone-inaccurate-erase
    bugprone-incorrect-roundings
    bugprone-infinite-loop
    bugprone-integer-division
    bugprone-lambda-function-name
    bugprone-macro-parentheses
    bugprone-macro-repeated-side-effects
    bugprone-misplaced-operator-in-strlen-in-alloc
    bugprone-misplaced-widening-cast
    bugprone-move-forwarding-reference
    bugprone-multiple-statement-macro
    bugprone-narrowing-conversions
    bugprone-not-null-terminated-result
    bugprone-parent-virtual-call
    bugprone-posix-return
    bugprone-signed-char-misuse
    bugprone-sizeof-container
    bugprone-sizeof-expression
    bugprone-string-constructor
    bugprone-string-integer-assignment
    bugprone-string-literal-with-embedded-nul
    bugprone-suspicious-enum-usage
    bugprone-suspicious-memset-usage
    bugprone-suspicious-missing-comma
    bugprone-suspicious-semicolon
    bugprone-suspicious-string-compare
    bugprone-swapped-arguments
    bugprone-terminating-continue
    bugprone-throw-keyword-missing
    bugprone-too-small-loop-variable
    bugprone-undefined-memory-manipulation
    bugprone-undelegated-constructor
    bugprone-unhandled-self-assignment
    bugprone-unused-raii
    bugprone-unused-return-value
    bugprone-use-after-move
    bugprone-virtual-near-miss
    cert-dcl03-c
    cert-dcl16-c
    cert-dcl21-cpp
    cert-dcl50-cpp
    cert-dcl54-cpp
    cert-dcl58-cpp
    cert-dcl59-cpp
    cert-env33-c
    cert-err09-cpp
    cert-err34-c
    cert-err52-cpp
    cert-err58-cpp
    cert-err60-cpp
    cert-err61-cpp
    cert-fio38-c
    cert-flp30-c
    cert-mem57-cpp
    cert-msc30-c
    cert-msc32-c
    cert-msc50-cpp
    cert-msc51-cpp
    cert-oop11-cpp
    cert-oop54-cpp
    cert-oop58-cpp
    cert-pos44-c
    clang-analyzer-apiModeling.StdCLibraryFunctions
    clang-analyzer-apiModeling.TrustNonnull
    clang-analyzer-apiModeling.google.GTest
    clang-analyzer-apiModeling.llvm.CastValue
    clang-analyzer-apiModeling.llvm.ReturnValue
    clang-analyzer-core.CallAndMessage
    clang-analyzer-core.DivideZero
    clang-analyzer-core.DynamicTypePropagation
    clang-analyzer-core.NonNullParamChecker
    clang-analyzer-core.NonnilStringConstants
    clang-analyzer-core.NullDereference
    clang-analyzer-core.StackAddrEscapeBase
    clang-analyzer-core.StackAddressEscape
    clang-analyzer-core.UndefinedBinaryOperatorResult
    clang-analyzer-core.VLASize
    clang-analyzer-core.builtin.BuiltinFunctions
    clang-analyzer-core.builtin.NoReturnFunctions
    clang-analyzer-core.uninitialized.ArraySubscript
    clang-analyzer-core.uninitialized.Assign
    clang-analyzer-core.uninitialized.Branch
    clang-analyzer-core.uninitialized.CapturedBlockVariable
    clang-analyzer-core.uninitialized.UndefReturn
    clang-analyzer-cplusplus.InnerPointer
    clang-analyzer-cplusplus.Move
    clang-analyzer-cplusplus.NewDelete
    clang-analyzer-cplusplus.NewDeleteLeaks
    clang-analyzer-cplusplus.PureVirtualCall
    clang-analyzer-cplusplus.SelfAssignment
    clang-analyzer-cplusplus.SmartPtr
    clang-analyzer-cplusplus.VirtualCallModeling
    clang-analyzer-deadcode.DeadStores
    clang-analyzer-fuchsia.HandleChecker
    clang-analyzer-nullability.NullPassedToNonnull
    clang-analyzer-nullability.NullReturnedFromNonnull
    clang-analyzer-nullability.NullabilityBase
    clang-analyzer-nullability.NullableDereferenced
    clang-analyzer-nullability.NullablePassedToNonnull
    clang-analyzer-nullability.NullableReturnedFromNonnull
    clang-analyzer-optin.cplusplus.UninitializedObject
    clang-analyzer-optin.cplusplus.VirtualCall
    clang-analyzer-optin.mpi.MPI-Checker
    clang-analyzer-optin.osx.OSObjectCStyleCast
    clang-analyzer-optin.osx.cocoa.localizability.EmptyLocalizationContextChecker
    clang-analyzer-optin.osx.cocoa.localizability.NonLocalizedStringChecker
    clang-analyzer-optin.performance.GCDAntipattern
    clang-analyzer-optin.performance.Padding
    clang-analyzer-optin.portability.UnixAPI
    clang-analyzer-osx.API
    clang-analyzer-osx.MIG
    clang-analyzer-osx.NSOrCFErrorDerefChecker
    clang-analyzer-osx.NumberObjectConversion
    clang-analyzer-osx.OSObjectRetainCount
    clang-analyzer-osx.ObjCProperty
    clang-analyzer-osx.SecKeychainAPI
    clang-analyzer-osx.cocoa.AtSync
    clang-analyzer-osx.cocoa.AutoreleaseWrite
    clang-analyzer-osx.cocoa.ClassRelease
    clang-analyzer-osx.cocoa.Dealloc
    clang-analyzer-osx.cocoa.IncompatibleMethodTypes
    clang-analyzer-osx.cocoa.Loops
    clang-analyzer-osx.cocoa.MissingSuperCall
    clang-analyzer-osx.cocoa.NSAutoreleasePool
    clang-analyzer-osx.cocoa.NSError
    clang-analyzer-osx.cocoa.NilArg
    clang-analyzer-osx.cocoa.NonNilReturnValue
    clang-analyzer-osx.cocoa.ObjCGenerics
    clang-analyzer-osx.cocoa.RetainCount
    clang-analyzer-osx.cocoa.RetainCountBase
    clang-analyzer-osx.cocoa.RunLoopAutoreleaseLeak
    clang-analyzer-osx.cocoa.SelfInit
    clang-analyzer-osx.cocoa.SuperDealloc
    clang-analyzer-osx.cocoa.UnusedIvars
    clang-analyzer-osx.cocoa.VariadicMethodTypes
    clang-analyzer-osx.coreFoundation.CFError
    clang-analyzer-osx.coreFoundation.CFNumber
    clang-analyzer-osx.coreFoundation.CFRetainRelease
    clang-analyzer-osx.coreFoundation.containers.OutOfBounds
    clang-analyzer-osx.coreFoundation.containers.PointerSizedValues
    clang-analyzer-security.FloatLoopCounter
    clang-analyzer-security.insecureAPI.DeprecatedOrUnsafeBufferHandling
    clang-analyzer-security.insecureAPI.SecuritySyntaxChecker
    clang-analyzer-security.insecureAPI.UncheckedReturn
    clang-analyzer-security.insecureAPI.bcmp
    clang-analyzer-security.insecureAPI.bcopy
    clang-analyzer-security.insecureAPI.bzero
    clang-analyzer-security.insecureAPI.decodeValueOfObjCType
    clang-analyzer-security.insecureAPI.getpw
    clang-analyzer-security.insecureAPI.gets
    clang-analyzer-security.insecureAPI.mkstemp
    clang-analyzer-security.insecureAPI.mktemp
    clang-analyzer-security.insecureAPI.rand
    clang-analyzer-security.insecureAPI.strcpy
    clang-analyzer-security.insecureAPI.vfork
    clang-analyzer-unix.API
    clang-analyzer-unix.DynamicMemoryModeling
    clang-analyzer-unix.Malloc
    clang-analyzer-unix.MallocSizeof
    clang-analyzer-unix.MismatchedDeallocator
    clang-analyzer-unix.Vfork
    clang-analyzer-unix.cstring.BadSizeArg
    clang-analyzer-unix.cstring.CStringModeling
    clang-analyzer-unix.cstring.NullArg
    clang-analyzer-valist.CopyToSelf
    clang-analyzer-valist.Uninitialized
    clang-analyzer-valist.Unterminated
    clang-analyzer-valist.ValistBase
    cppcoreguidelines-avoid-c-arrays
    cppcoreguidelines-avoid-goto
    cppcoreguidelines-avoid-magic-numbers
    cppcoreguidelines-c-copy-assignment-signature
    cppcoreguidelines-explicit-virtual-functions
    cppcoreguidelines-init-variables
    cppcoreguidelines-interfaces-global-init
    cppcoreguidelines-macro-usage
    cppcoreguidelines-narrowing-conversions
    cppcoreguidelines-no-malloc
    cppcoreguidelines-non-private-member-variables-in-classes
    cppcoreguidelines-owning-memory
    cppcoreguidelines-pro-bounds-array-to-pointer-decay
    cppcoreguidelines-pro-bounds-constant-array-index
    cppcoreguidelines-pro-bounds-pointer-arithmetic
    cppcoreguidelines-pro-type-const-cast
    cppcoreguidelines-pro-type-cstyle-cast
    cppcoreguidelines-pro-type-member-init
    cppcoreguidelines-pro-type-reinterpret-cast
    cppcoreguidelines-pro-type-static-cast-downcast
    cppcoreguidelines-pro-type-union-access
    cppcoreguidelines-pro-type-vararg
    cppcoreguidelines-slicing
    cppcoreguidelines-special-member-functions
    darwin-avoid-spinlock
    darwin-dispatch-once-nonstatic
    fuchsia-default-arguments-calls
    fuchsia-default-arguments-declarations
    fuchsia-header-anon-namespaces
    fuchsia-multiple-inheritance
    fuchsia-restrict-system-includes
    fuchsia-statically-constructed-objects
    fuchsia-trailing-return
    fuchsia-virtual-inheritance
    google-build-explicit-make-pair
    google-build-namespaces
    google-build-using-namespace
    google-default-arguments
    google-explicit-constructor
    google-global-names-in-headers
    google-objc-avoid-nsobject-new
    google-objc-avoid-throwing-exception
    google-objc-function-naming
    google-objc-global-variable-declaration
    google-readability-avoid-underscore-in-googletest-name
    google-readability-braces-around-statements
    google-readability-casting
    google-readability-function-size
    google-readability-namespace-comments
    google-readability-todo
    google-runtime-int
    google-runtime-operator
    google-runtime-references
    google-upgrade-googletest-case
    hicpp-avoid-c-arrays
    hicpp-avoid-goto
    hicpp-braces-around-statements
    hicpp-deprecated-headers
    hicpp-exception-baseclass
    hicpp-explicit-conversions
    hicpp-function-size
    hicpp-invalid-access-moved
    hicpp-member-init
    hicpp-move-const-arg
    hicpp-multiway-paths-covered
    hicpp-named-parameter
    hicpp-new-delete-operators
    hicpp-no-array-decay
    hicpp-no-assembler
    hicpp-no-malloc
    hicpp-noexcept-move
    hicpp-signed-bitwise
    hicpp-special-member-functions
    hicpp-static-assert
    hicpp-undelegated-constructor
    hicpp-uppercase-literal-suffix
    hicpp-use-auto
    hicpp-use-emplace
    hicpp-use-equals-default
    hicpp-use-equals-delete
    hicpp-use-noexcept
    hicpp-use-nullptr
    hicpp-use-override
    hicpp-vararg
    linuxkernel-must-check-errs
    llvm-include-order
    llvm-namespace-comment
    llvm-prefer-isa-or-dyn-cast-in-conditionals
    llvm-prefer-register-over-unsigned
    llvm-qualified-auto
    llvm-twine-local
    misc-definitions-in-headers
    misc-misplaced-const
    misc-new-delete-overloads
    misc-non-copyable-objects
    misc-non-private-member-variables-in-classes
    misc-redundant-expression
    misc-static-assert
    misc-throw-by-value-catch-by-reference
    misc-unconventional-assign-operator
    misc-uniqueptr-reset-release
    misc-unused-alias-decls
    misc-unused-parameters
    misc-unused-using-decls
    modernize-avoid-bind
    modernize-avoid-c-arrays
    modernize-concat-nested-namespaces
    modernize-deprecated-headers
    modernize-deprecated-ios-base-aliases
    modernize-loop-convert
    modernize-make-shared
    modernize-make-unique
    modernize-pass-by-value
    modernize-raw-string-literal
    modernize-redundant-void-arg
    modernize-replace-auto-ptr
    modernize-replace-random-shuffle
    modernize-return-braced-init-list
    modernize-shrink-to-fit
    modernize-unary-static-assert
    modernize-use-auto
    modernize-use-bool-literals
    modernize-use-default-member-init
    modernize-use-emplace
    modernize-use-equals-default
    modernize-use-equals-delete
    modernize-use-nodiscard
    modernize-use-noexcept
    modernize-use-nullptr
    modernize-use-override
    modernize-use-transparent-functors
    modernize-use-uncaught-exceptions
    modernize-use-using
    mpi-buffer-deref
    mpi-type-mismatch
    objc-avoid-nserror-init
    objc-forbidden-subclassing
    objc-missing-hash
    objc-property-declaration
    objc-super-self
    openmp-exception-escape
    openmp-use-default-none
    performance-faster-string-find
    performance-for-range-copy
    performance-implicit-conversion-in-loop
    performance-inefficient-algorithm
    performance-inefficient-string-concatenation
    performance-inefficient-vector-operation
    performance-move-const-arg
    performance-move-constructor-init
    performance-no-automatic-move
    performance-noexcept-move-constructor
    performance-trivially-destructible
    performance-type-promotion-in-math-fn
    performance-unnecessary-copy-initialization
    performance-unnecessary-value-param
    portability-simd-intrinsics
    readability-avoid-const-params-in-decls
    readability-braces-around-statements
    readability-const-return-type
    readability-container-size-empty
    readability-convert-member-functions-to-static
    readability-delete-null-pointer
    readability-deleted-default
    readability-else-after-return
    readability-function-size
    readability-identifier-naming
    readability-implicit-bool-conversion
    readability-inconsistent-declaration-parameter-name
    readability-isolate-declaration
    readability-magic-numbers
    readability-make-member-function-const
    readability-misleading-indentation
    readability-misplaced-array-index
    readability-named-parameter
    readability-non-const-parameter
    readability-qualified-auto
    readability-redundant-access-specifiers
    readability-redundant-control-flow
    readability-redundant-declaration
    readability-redundant-function-ptr-dereference
    readability-redundant-member-init
    readability-redundant-preprocessor
    readability-redundant-smartptr-get
    readability-redundant-string-cstr
    readability-redundant-string-init
    readability-simplify-boolean-expr
    readability-simplify-subscript-expr
    readability-static-accessed-through-instance
    readability-static-definition-in-anonymous-namespace
    readability-string-compare
    readability-uniqueptr-delete-release
    readability-uppercase-literal-suffix
    zircon-temporary-objects

clang-tidy-10 -p=/home/travis/build/bansan85/wiki_le_garrec_fr/buildcppclang /home/travis/build/bansan85/wiki_le_garrec_fr/cpp/boost/executor/main.cpp
/home/travis/build/bansan85/wiki_le_garrec_fr/cpp/boost/executor/executor.h:6:7: error: class 'PriorityScheduler' defines a non-default destructor but does not define a copy constructor, a copy assignment operator, a move constructor or a move assignment operator [cppcoreguidelines-special-member-functions,-warnings-as-errors]
class PriorityScheduler
      ^
/home/travis/build/bansan85/wiki_le_garrec_fr/cpp/boost/executor/executor.h:6:7: error: class 'PriorityScheduler' defines a non-default destructor but does not define a copy constructor, a copy assignment operator, a move constructor or a move assignment operator [hicpp-special-member-functions,-warnings-as-errors]
/home/travis/build/bansan85/wiki_le_garrec_fr/cpp/boost/executor/executor.h:13:37: error: non-const reference parameter 'ctx', make it const or use a pointer [google-runtime-references,-warnings-as-errors]
    ExecutorType(PriorityScheduler& ctx, int pri);
                                    ^
/home/travis/build/bansan85/wiki_le_garrec_fr/cpp/boost/executor/main.cpp:9:18: error: no previous extern declaration for non-static variable 'test' [clang-diagnostic-missing-variable-declarations,-warnings-as-errors]
std::atomic<int> test{0};
                 ^
/home/travis/build/bansan85/wiki_le_garrec_fr/cpp/boost/executor/main.cpp:9:1: note: declare 'static' if the variable is not intended to be used outside of this translation unit
std::atomic<int> test{0};
^
clang-tidy-10 -p=/home/travis/build/bansan85/wiki_le_garrec_fr/buildcppclang /home/travis/build/bansan85/wiki_le_garrec_fr/cpp/linker/weak/ClasseA.cpp
clang-tidy-10 -p=/home/travis/build/bansan85/wiki_le_garrec_fr/buildcppclang /home/travis/build/bansan85/wiki_le_garrec_fr/cpp/linker/weak/ClasseB.cpp
clang-tidy-10 -p=/home/travis/build/bansan85/wiki_le_garrec_fr/buildcppclang /home/travis/build/bansan85/wiki_le_garrec_fr/cpp/linker/weak/main.cpp
clang-tidy-10 -p=/home/travis/build/bansan85/wiki_le_garrec_fr/buildcppclang /home/travis/build/bansan85/wiki_le_garrec_fr/cpp/preprocessor/str_helper.cpp
clang-tidy-10 -p=/home/travis/build/bansan85/wiki_le_garrec_fr/buildcppclang /home/travis/build/bansan85/wiki_le_garrec_fr/cpp/preprocessor/macro_and_spaces.cpp
clang-tidy-10 -p=/home/travis/build/bansan85/wiki_le_garrec_fr/buildcppclang /home/travis/build/bansan85/wiki_le_garrec_fr/cpp/boost/executor/executor.cpp
/home/travis/build/bansan85/wiki_le_garrec_fr/cpp/boost/executor/executor.cpp:8:26: error: padding size of 'PriorityScheduler::PrioritySchedulerImpl' with 7 bytes to alignment boundary [clang-diagnostic-padded,-warnings-as-errors]
class PriorityScheduler::PrioritySchedulerImpl
                         ^
/home/travis/build/bansan85/wiki_le_garrec_fr/cpp/boost/executor/executor.cpp:18:20: error: statement should be inside braces [hicpp-braces-around-statements,-warnings-as-errors]
      if (stopped_) return;
                   ^
                    {
/home/travis/build/bansan85/wiki_le_garrec_fr/cpp/boost/executor/executor.cpp:18:20: error: statement should be inside braces [readability-braces-around-statements,-warnings-as-errors]
      if (stopped_) return;
                   ^
                    {
/home/travis/build/bansan85/wiki_le_garrec_fr/cpp/boost/executor/executor.cpp:33:10: error: constructor does not initialize these fields: priority_ [cppcoreguidelines-pro-type-member-init,-warnings-as-errors]
  struct item_base
         ^
/home/travis/build/bansan85/wiki_le_garrec_fr/cpp/boost/executor/executor.cpp:33:10: error: constructor does not initialize these fields: priority_ [hicpp-member-init,-warnings-as-errors]
  struct item_base
         ^
/home/travis/build/bansan85/wiki_le_garrec_fr/cpp/boost/executor/executor.cpp:38:52: error: padding struct 'PriorityScheduler::PrioritySchedulerImpl::item_base' with 4 bytes to align 'timestamp' [clang-diagnostic-padded,-warnings-as-errors]
    std::chrono::high_resolution_clock::time_point timestamp;
                                                   ^
/home/travis/build/bansan85/wiki_le_garrec_fr/cpp/boost/executor/executor.cpp:58:10: error: member variable 'function_' has public visibility [misc-non-private-member-variables-in-classes,-warnings-as-errors]
    Func function_;
         ^
/home/travis/build/bansan85/wiki_le_garrec_fr/cpp/boost/executor/executor.cpp:68:40: error: statement should be inside braces [google-readability-braces-around-statements,-warnings-as-errors]
      if (a->priority_ != b->priority_)
                                       ^
                                        {
/home/travis/build/bansan85/wiki_le_garrec_fr/cpp/boost/executor/executor.cpp:68:40: error: statement should be inside braces [hicpp-braces-around-statements,-warnings-as-errors]
      if (a->priority_ != b->priority_)
                                       ^
                                        {
/home/travis/build/bansan85/wiki_le_garrec_fr/cpp/boost/executor/executor.cpp:68:40: error: statement should be inside braces [readability-braces-around-statements,-warnings-as-errors]
      if (a->priority_ != b->priority_)
                                       ^
                                        {
/home/travis/build/bansan85/wiki_le_garrec_fr/cpp/boost/executor/executor.cpp:70:7: error: do not use 'else' after 'return' [readability-else-after-return,-warnings-as-errors]
      else
      ^~~~
/home/travis/build/bansan85/wiki_le_garrec_fr/cpp/boost/executor/executor.cpp:70:11: error: statement should be inside braces [google-readability-braces-around-statements,-warnings-as-errors]
      else
          ^
           {
/home/travis/build/bansan85/wiki_le_garrec_fr/cpp/boost/executor/executor.cpp:70:11: error: statement should be inside braces [hicpp-braces-around-statements,-warnings-as-errors]
      else
          ^
           {
/home/travis/build/bansan85/wiki_le_garrec_fr/cpp/boost/executor/executor.cpp:70:11: error: statement should be inside braces [readability-braces-around-statements,-warnings-as-errors]
      else
          ^
           {
/home/travis/build/bansan85/wiki_le_garrec_fr/cpp/boost/executor/executor.cpp:75:14: error: member variable 'mutex_' has public visibility [misc-non-private-member-variables-in-classes,-warnings-as-errors]
  std::mutex mutex_;
             ^
/home/travis/build/bansan85/wiki_le_garrec_fr/cpp/boost/executor/executor.cpp:76:27: error: member variable 'condition_' has public visibility [misc-non-private-member-variables-in-classes,-warnings-as-errors]
  std::condition_variable condition_;
                          ^
/home/travis/build/bansan85/wiki_le_garrec_fr/cpp/boost/executor/executor.cpp:79:7: error: member variable 'queue_' has public visibility [misc-non-private-member-variables-in-classes,-warnings-as-errors]
      queue_;
      ^
/home/travis/build/bansan85/wiki_le_garrec_fr/cpp/boost/executor/executor.cpp:80:21: error: member variable 'stopped_' has public visibility [misc-non-private-member-variables-in-classes,-warnings-as-errors]
  std::atomic<bool> stopped_{false};
                    ^
/home/travis/build/bansan85/wiki_le_garrec_fr/cpp/boost/executor/executor.cpp:83:40: error: padding size of 'PriorityScheduler::ExecutorType::ExecutorTypeImpl' with 4 bytes to alignment boundary [clang-diagnostic-padded,-warnings-as-errors]
class PriorityScheduler::ExecutorType::ExecutorTypeImpl
                                       ^
/home/travis/build/bansan85/wiki_le_garrec_fr/cpp/boost/executor/executor.cpp:83:40: error: class 'ExecutorTypeImpl' defines a copy constructor, a copy assignment operator, a move constructor and a move assignment operator but does not define a destructor [cppcoreguidelines-special-member-functions,-warnings-as-errors]
/home/travis/build/bansan85/wiki_le_garrec_fr/cpp/boost/executor/executor.cpp:83:40: error: class 'ExecutorTypeImpl' defines a copy constructor, a copy assignment operator, a move constructor and a move assignment operator but does not define a destructor [hicpp-special-member-functions,-warnings-as-errors]
/home/travis/build/bansan85/wiki_le_garrec_fr/cpp/boost/executor/executor.cpp:86:39: error: non-const reference parameter 'ctx', make it const or use a pointer [google-runtime-references,-warnings-as-errors]
  ExecutorTypeImpl(PriorityScheduler& ctx, int pri) noexcept
                                      ^
/home/travis/build/bansan85/wiki_le_garrec_fr/cpp/boost/executor/executor.cpp:93:3: error: move assignment operator is explicitly defaulted but implicitly deleted, probably because a base class or a non-static data member is not assignable, e.g. because the latter is marked 'const'; definition can either be removed or explicitly deleted [readability-deleted-default,-warnings-as-errors]
  ExecutorTypeImpl& operator=(ExecutorTypeImpl&& other) noexcept = default;
  ^
/home/travis/build/bansan85/wiki_le_garrec_fr/cpp/boost/executor/executor.cpp:93:21: error: explicitly defaulted move assignment operator is implicitly deleted [clang-diagnostic-defaulted-function-deleted,-warnings-as-errors]
  ExecutorTypeImpl& operator=(ExecutorTypeImpl&& other) noexcept = default;
                    ^
/home/travis/build/bansan85/wiki_le_garrec_fr/cpp/boost/executor/executor.cpp:113:22: note: move assignment operator of 'ExecutorTypeImpl' is implicitly deleted because field 'context_' is of reference type 'PriorityScheduler &'
  PriorityScheduler& context_;
                     ^
/home/travis/build/bansan85/wiki_le_garrec_fr/cpp/boost/executor/executor.cpp:159:3: error: calling a function that uses a default argument is disallowed [fuchsia-default-arguments-calls,-warnings-as-errors]
  boost::asio::dispatch(*impl_, f);
  ^
/usr/include/boost/asio/impl/dispatch.hpp:72:5: note: default parameter was declared here
    typename enable_if<is_executor<Executor>::value>::type*)
    ^
/home/travis/build/bansan85/wiki_le_garrec_fr/cpp/boost/executor/executor.h:6:7: error: class 'PriorityScheduler' defines a non-default destructor but does not define a copy constructor, a copy assignment operator, a move constructor or a move assignment operator [cppcoreguidelines-special-member-functions,-warnings-as-errors]
class PriorityScheduler
      ^
/home/travis/build/bansan85/wiki_le_garrec_fr/cpp/boost/executor/executor.h:6:7: error: class 'PriorityScheduler' defines a non-default destructor but does not define a copy constructor, a copy assignment operator, a move constructor or a move assignment operator [hicpp-special-member-functions,-warnings-as-errors]
/home/travis/build/bansan85/wiki_le_garrec_fr/cpp/boost/executor/executor.h:13:37: error: non-const reference parameter 'ctx', make it const or use a pointer [google-runtime-references,-warnings-as-errors]
    ExecutorType(PriorityScheduler& ctx, int pri);
                                    ^
11153 warnings generated.
Suppressed 11149 warnings (11149 in non-user code).
Use -header-filter=.* to display errors from all non-system headers. Use -system-headers to display errors from system headers as well.
4 warnings treated as errors
8320 warnings generated.
Suppressed 8320 warnings (8320 in non-user code).
Use -header-filter=.* to display errors from all non-system headers. Use -system-headers to display errors from system headers as well.
8320 warnings generated.
Suppressed 8320 warnings (8320 in non-user code).
Use -header-filter=.* to display errors from all non-system headers. Use -system-headers to display errors from system headers as well.
Suppressed 3 warnings (3 NOLINT).
Suppressed 3 warnings (3 NOLINT).
38491 warnings generated.
Suppressed 38462 warnings (38462 in non-user code).
Use -header-filter=.* to display errors from all non-system headers. Use -system-headers to display errors from system headers as well.
28 warnings treated as errors
travis_time:end:0cf9d38e:start=1593878333586634539,finish=1593878353564819420,duration=19978184881,event=script[0K[31;1mThe command "python3 /usr/lib/llvm-*/share/clang/run-clang-tidy.py" exited with 1.[0m
travis_time:start:191d8f8a[0K$ make clean; scan-build -v -v -v -o . make
make -f CMakeFiles/Makefile2 clean
make[1]: Entering directory '/home/travis/build/bansan85/wiki_le_garrec_fr/buildcppclang'
make -f CMakeFiles/clang_fmt.dir/build.make CMakeFiles/clang_fmt.dir/clean
make[2]: Entering directory '/home/travis/build/bansan85/wiki_le_garrec_fr/buildcppclang'
/usr/local/cmake-3.12.4/bin/cmake -P CMakeFiles/clang_fmt.dir/cmake_clean.cmake
make[2]: Leaving directory '/home/travis/build/bansan85/wiki_le_garrec_fr/buildcppclang'
make -f boost/executor/CMakeFiles/boostexecutor.dir/build.make boost/executor/CMakeFiles/boostexecutor.dir/clean
make[2]: Entering directory '/home/travis/build/bansan85/wiki_le_garrec_fr/buildcppclang'
cd /home/travis/build/bansan85/wiki_le_garrec_fr/buildcppclang/boost/executor && /usr/local/cmake-3.12.4/bin/cmake -P CMakeFiles/boostexecutor.dir/cmake_clean.cmake
make[2]: Leaving directory '/home/travis/build/bansan85/wiki_le_garrec_fr/buildcppclang'
make -f linker/weak/CMakeFiles/linkerweak.dir/build.make linker/weak/CMakeFiles/linkerweak.dir/clean
make[2]: Entering directory '/home/travis/build/bansan85/wiki_le_garrec_fr/buildcppclang'
cd /home/travis/build/bansan85/wiki_le_garrec_fr/buildcppclang/linker/weak && /usr/local/cmake-3.12.4/bin/cmake -P CMakeFiles/linkerweak.dir/cmake_clean.cmake
make[2]: Leaving directory '/home/travis/build/bansan85/wiki_le_garrec_fr/buildcppclang'
make -f preprocessor/CMakeFiles/str_helper.dir/build.make preprocessor/CMakeFiles/str_helper.dir/clean
make[2]: Entering directory '/home/travis/build/bansan85/wiki_le_garrec_fr/buildcppclang'
cd /home/travis/build/bansan85/wiki_le_garrec_fr/buildcppclang/preprocessor && /usr/local/cmake-3.12.4/bin/cmake -P CMakeFiles/str_helper.dir/cmake_clean.cmake
make[2]: Leaving directory '/home/travis/build/bansan85/wiki_le_garrec_fr/buildcppclang'
make -f preprocessor/CMakeFiles/macro_and_spaces.dir/build.make preprocessor/CMakeFiles/macro_and_spaces.dir/clean
make[2]: Entering directory '/home/travis/build/bansan85/wiki_le_garrec_fr/buildcppclang'
cd /home/travis/build/bansan85/wiki_le_garrec_fr/buildcppclang/preprocessor && /usr/local/cmake-3.12.4/bin/cmake -P CMakeFiles/macro_and_spaces.dir/cmake_clean.cmake
make[2]: Leaving directory '/home/travis/build/bansan85/wiki_le_garrec_fr/buildcppclang'
make -f preprocessor/CMakeFiles/macro_and_spaces_internal.dir/build.make preprocessor/CMakeFiles/macro_and_spaces_internal.dir/clean
make[2]: Entering directory '/home/travis/build/bansan85/wiki_le_garrec_fr/buildcppclang'
cd /home/travis/build/bansan85/wiki_le_garrec_fr/buildcppclang/preprocessor && /usr/local/cmake-3.12.4/bin/cmake -P CMakeFiles/macro_and_spaces_internal.dir/cmake_clean.cmake
make[2]: Leaving directory '/home/travis/build/bansan85/wiki_le_garrec_fr/buildcppclang'
make[1]: Leaving directory '/home/travis/build/bansan85/wiki_le_garrec_fr/buildcppclang'
scan-build: Using '/usr/local/clang-7.0.0/bin/clang-7' for static analysis
scan-build: Emitting reports for this run to '/home/travis/build/bansan85/wiki_le_garrec_fr/buildcppclang/2020-07-04-155913-10062-1'.
/usr/local/cmake-3.12.4/bin/cmake -H/home/travis/build/bansan85/wiki_le_garrec_fr/cpp -B/home/travis/build/bansan85/wiki_le_garrec_fr/buildcppclang --check-build-system CMakeFiles/Makefile.cmake 0
/usr/local/cmake-3.12.4/bin/cmake -E cmake_progress_start /home/travis/build/bansan85/wiki_le_garrec_fr/buildcppclang/CMakeFiles /home/travis/build/bansan85/wiki_le_garrec_fr/buildcppclang/CMakeFiles/progress.marks
make -f CMakeFiles/Makefile2 all
make[1]: Entering directory '/home/travis/build/bansan85/wiki_le_garrec_fr/buildcppclang'
make -f CMakeFiles/clang_fmt.dir/build.make CMakeFiles/clang_fmt.dir/depend
make[2]: Entering directory '/home/travis/build/bansan85/wiki_le_garrec_fr/buildcppclang'
cd /home/travis/build/bansan85/wiki_le_garrec_fr/buildcppclang && /usr/local/cmake-3.12.4/bin/cmake -E cmake_depends "Unix Makefiles" /home/travis/build/bansan85/wiki_le_garrec_fr/cpp /home/travis/build/bansan85/wiki_le_garrec_fr/cpp /home/travis/build/bansan85/wiki_le_garrec_fr/buildcppclang /home/travis/build/bansan85/wiki_le_garrec_fr/buildcppclang /home/travis/build/bansan85/wiki_le_garrec_fr/buildcppclang/CMakeFiles/clang_fmt.dir/DependInfo.cmake --color=
make[2]: Leaving directory '/home/travis/build/bansan85/wiki_le_garrec_fr/buildcppclang'
make -f CMakeFiles/clang_fmt.dir/build.make CMakeFiles/clang_fmt.dir/build
make[2]: Entering directory '/home/travis/build/bansan85/wiki_le_garrec_fr/buildcppclang'
sh /home/travis/build/bansan85/wiki_le_garrec_fr/cpp/clang-format-check.sh /home/travis/build/bansan85/wiki_le_garrec_fr/cpp/boost/executor/executor.cpp
sh /home/travis/build/bansan85/wiki_le_garrec_fr/cpp/clang-format-check.sh /home/travis/build/bansan85/wiki_le_garrec_fr/cpp/boost/executor/executor.h
sh /home/travis/build/bansan85/wiki_le_garrec_fr/cpp/clang-format-check.sh /home/travis/build/bansan85/wiki_le_garrec_fr/cpp/boost/executor/main.cpp
sh /home/travis/build/bansan85/wiki_le_garrec_fr/cpp/clang-format-check.sh /home/travis/build/bansan85/wiki_le_garrec_fr/cpp/linker/weak/ClasseA.cpp
sh /home/travis/build/bansan85/wiki_le_garrec_fr/cpp/clang-format-check.sh /home/travis/build/bansan85/wiki_le_garrec_fr/cpp/linker/weak/ClasseA.h
sh /home/travis/build/bansan85/wiki_le_garrec_fr/cpp/clang-format-check.sh /home/travis/build/bansan85/wiki_le_garrec_fr/cpp/linker/weak/ClasseB.cpp
sh /home/travis/build/bansan85/wiki_le_garrec_fr/cpp/clang-format-check.sh /home/travis/build/bansan85/wiki_le_garrec_fr/cpp/linker/weak/ClasseB.h
sh /home/travis/build/bansan85/wiki_le_garrec_fr/cpp/clang-format-check.sh /home/travis/build/bansan85/wiki_le_garrec_fr/cpp/linker/weak/Entete.h
sh /home/travis/build/bansan85/wiki_le_garrec_fr/cpp/clang-format-check.sh /home/travis/build/bansan85/wiki_le_garrec_fr/cpp/linker/weak/main.cpp
sh /home/travis/build/bansan85/wiki_le_garrec_fr/cpp/clang-format-check.sh /home/travis/build/bansan85/wiki_le_garrec_fr/cpp/preprocessor/macro_and_spaces.cpp
sh /home/travis/build/bansan85/wiki_le_garrec_fr/cpp/clang-format-check.sh /home/travis/build/bansan85/wiki_le_garrec_fr/cpp/preprocessor/str_helper.cpp
sh /home/travis/build/bansan85/wiki_le_garrec_fr/cpp/clang-format-check.sh /home/travis/build/bansan85/wiki_le_garrec_fr/cpp/preprocessor/str_helper.h
make[2]: Leaving directory '/home/travis/build/bansan85/wiki_le_garrec_fr/buildcppclang'
[  0%] Built target clang_fmt
make -f boost/executor/CMakeFiles/boostexecutor.dir/build.make boost/executor/CMakeFiles/boostexecutor.dir/depend
make[2]: Entering directory '/home/travis/build/bansan85/wiki_le_garrec_fr/buildcppclang'
cd /home/travis/build/bansan85/wiki_le_garrec_fr/buildcppclang && /usr/local/cmake-3.12.4/bin/cmake -E cmake_depends "Unix Makefiles" /home/travis/build/bansan85/wiki_le_garrec_fr/cpp /home/travis/build/bansan85/wiki_le_garrec_fr/cpp/boost/executor /home/travis/build/bansan85/wiki_le_garrec_fr/buildcppclang /home/travis/build/bansan85/wiki_le_garrec_fr/buildcppclang/boost/executor /home/travis/build/bansan85/wiki_le_garrec_fr/buildcppclang/boost/executor/CMakeFiles/boostexecutor.dir/DependInfo.cmake --color=
make[2]: Leaving directory '/home/travis/build/bansan85/wiki_le_garrec_fr/buildcppclang'
make -f boost/executor/CMakeFiles/boostexecutor.dir/build.make boost/executor/CMakeFiles/boostexecutor.dir/build
make[2]: Entering directory '/home/travis/build/bansan85/wiki_le_garrec_fr/buildcppclang'
[ 11%] Building CXX object boost/executor/CMakeFiles/boostexecutor.dir/executor.cpp.o
cd /home/travis/build/bansan85/wiki_le_garrec_fr/buildcppclang/boost/executor && /usr/bin/clang++-10    -isystem /usr/lib/llvm-10/lib/clang/10.0.0/include -Weverything -Werror -O2 -Wno-c++98-compat   -o CMakeFiles/boostexecutor.dir/executor.cpp.o -c /home/travis/build/bansan85/wiki_le_garrec_fr/cpp/boost/executor/executor.cpp
/home/travis/build/bansan85/wiki_le_garrec_fr/cpp/boost/executor/executor.cpp:93:21: error: explicitly defaulted move assignment operator is implicitly deleted [-Werror,-Wdefaulted-function-deleted]
  ExecutorTypeImpl& operator=(ExecutorTypeImpl&& other) noexcept = default;
                    ^
/home/travis/build/bansan85/wiki_le_garrec_fr/cpp/boost/executor/executor.cpp:113:22: note: move assignment operator of 'ExecutorTypeImpl' is implicitly deleted because field 'context_' is of reference type 'PriorityScheduler &'
  PriorityScheduler& context_;
                     ^
/home/travis/build/bansan85/wiki_le_garrec_fr/cpp/boost/executor/executor.cpp:83:40: error: padding size of 'PriorityScheduler::ExecutorType::ExecutorTypeImpl' with 4 bytes to alignment boundary [-Werror,-Wpadded]
class PriorityScheduler::ExecutorType::ExecutorTypeImpl
                                       ^
/home/travis/build/bansan85/wiki_le_garrec_fr/cpp/boost/executor/executor.cpp:38:52: error: padding struct 'PriorityScheduler::PrioritySchedulerImpl::item_base' with 4 bytes to align 'timestamp' [-Werror,-Wpadded]
    std::chrono::high_resolution_clock::time_point timestamp;
                                                   ^
/home/travis/build/bansan85/wiki_le_garrec_fr/cpp/boost/executor/executor.cpp:8:26: error: padding size of 'PriorityScheduler::PrioritySchedulerImpl' with 7 bytes to alignment boundary [-Werror,-Wpadded]
class PriorityScheduler::PrioritySchedulerImpl
                         ^
4 errors generated.
boost/executor/CMakeFiles/boostexecutor.dir/build.make:65: recipe for target 'boost/executor/CMakeFiles/boostexecutor.dir/executor.cpp.o' failed
make[2]: *** [boost/executor/CMakeFiles/boostexecutor.dir/executor.cpp.o] Error 1
make[2]: Leaving directory '/home/travis/build/bansan85/wiki_le_garrec_fr/buildcppclang'
CMakeFiles/Makefile2:148: recipe for target 'boost/executor/CMakeFiles/boostexecutor.dir/all' failed
make[1]: *** [boost/executor/CMakeFiles/boostexecutor.dir/all] Error 2
make[1]: Leaving directory '/home/travis/build/bansan85/wiki_le_garrec_fr/buildcppclang'
Makefile:86: recipe for target 'all' failed
make: *** [all] Error 2
scan-build: Removing directory '/home/travis/build/bansan85/wiki_le_garrec_fr/buildcppclang/2020-07-04-155913-10062-1' because it contains no reports.
scan-build: No bugs found.
travis_time:end:191d8f8a:start=1593878353569594235,finish=1593878355245844168,duration=1676249933,event=script[0K[31;1mThe command "make clean; scan-build -v -v -v -o . make" exited with 2.[0m
travis_time:start:0b46105e[0K$ cppcheck --inconclusive --enable=all --project=compile_commands.json
Checking /home/travis/build/bansan85/wiki_le_garrec_fr/cpp/boost/executor/executor.cpp ...
/home/travis/build/bansan85/wiki_le_garrec_fr/cpp/boost/executor/executor.cpp:65:10: style:inconclusive: Technically the member function 'PrioritySchedulerImpl::item_comp::operator()' can be const. [functionConst]
    bool operator()(const std::shared_ptr<item_base>& a,
         ^
/home/travis/build/bansan85/wiki_le_garrec_fr/cpp/boost/executor/executor.cpp:100:8: performance:inconclusive: Technically the member function 'ExecutorTypeImpl::on_work_started' can be static (but you may consider moving to unnamed namespace). [functionStatic]
  void on_work_started() const noexcept {}
       ^
/home/travis/build/bansan85/wiki_le_garrec_fr/cpp/boost/executor/executor.cpp:103:8: performance:inconclusive: Technically the member function 'ExecutorTypeImpl::on_work_finished' can be static (but you may consider moving to unnamed namespace). [functionStatic]
  void on_work_finished() const noexcept {}
       ^
1/7 files checked 14% done
Checking /home/travis/build/bansan85/wiki_le_garrec_fr/cpp/boost/executor/main.cpp ...
2/7 files checked 28% done
Checking /home/travis/build/bansan85/wiki_le_garrec_fr/cpp/linker/weak/ClasseA.cpp ...
3/7 files checked 42% done
Checking /home/travis/build/bansan85/wiki_le_garrec_fr/cpp/linker/weak/ClasseB.cpp ...
4/7 files checked 57% done
Checking /home/travis/build/bansan85/wiki_le_garrec_fr/cpp/linker/weak/main.cpp ...
5/7 files checked 71% done
Checking /home/travis/build/bansan85/wiki_le_garrec_fr/cpp/preprocessor/str_helper.cpp ...
6/7 files checked 85% done
Checking /home/travis/build/bansan85/wiki_le_garrec_fr/cpp/preprocessor/macro_and_spaces.cpp ...
/home/travis/build/bansan85/wiki_le_garrec_fr/cpp/preprocessor/macro_and_spaces.cpp:7:18: style: Statements following return, break, continue, goto or throw will never be executed. [unreachableCode]
  return RET_NEG(ARG1);  // NOLINT
                 ^
/home/travis/build/bansan85/wiki_le_garrec_fr/cpp/preprocessor/macro_and_spaces.cpp:7:18: warning: Unused variable value 'ARG1' [constStatement]
  return RET_NEG(ARG1);  // NOLINT
                 ^
7/7 files checked 100% done
/home/travis/build/bansan85/wiki_le_garrec_fr/cpp/boost/executor/executor.cpp:103:0: style: The function 'on_work_finished' is never used. [unusedFunction]

^
/home/travis/build/bansan85/wiki_le_garrec_fr/cpp/boost/executor/executor.cpp:100:0: style: The function 'on_work_started' is never used. [unusedFunction]

^
nofile:0:0: information: Cppcheck cannot find all the include files (use --check-config for details) [missingIncludeSystem]

travis_time:end:0b46105e:start=1593878355251339421,finish=1593878355300871942,duration=49532521,event=script[0K[32;1mThe command "cppcheck --inconclusive --enable=all --project=compile_commands.json" exited with 0.[0m
travis_time:start:01eff190[0K$ iwyu_tool -p . > iwyu_tool.log; if [ $(cat iwyu_tool.log |grep -e "should add these lines" -e "should remove these lines" | wc -l) -ne "0" ]; then cat iwyu_tool.log ; exit 1; fi
/home/travis/build